2020-06-24 14:57:09.472111 [info]: deal with the client(127.0.0.1)
2020-06-24 14:57:09.472578 [info]: adjust time once
2020-06-24 14:57:09.472660 [info]: got 1 http line: GET / HTTP/1.1
2020-06-24 14:57:09.473360 [info]: got 1 http line: Host: localhost:9007
2020-06-24 14:57:09.473655 [info]: got 1 http line: Connection: keep-alive
2020-06-24 14:57:09.474019 [info]: got 1 http line: Upgrade-Insecure-Requests: 1
2020-06-24 14:57:09.474303 [info]: oop!unknow header: Upgrade-Insecure-Requests: 1
2020-06-24 14:57:09.476812 [info]: got 1 http line: User-Agent: Mozilla/5.0 (Windows NT 10.0; Win64; x64) AppleWebKit/537.36 (KHTML, like Gecko) Chrome/83.0.4103.97 Safari/537.36
2020-06-24 14:57:09.477227 [info]: oop!unknow header: User-Agent: Mozilla/5.0 (Windows NT 10.0; Win64; x64) AppleWebKit/537.36 (KHTML, like Gecko) Chrome/83.0.4103.97 Safari/537.36
2020-06-24 14:57:09.477674 [info]: got 1 http line: Accept: text/html,application/xhtml+xml,application/xml;q=0.9,image/webp,image/apng,*/*;q=0.8,application/signed-exchange;v=b3;q=0.9
2020-06-24 14:57:09.477937 [info]: oop!unknow header: Accept: text/html,application/xhtml+xml,application/xml;q=0.9,image/webp,image/apng,*/*;q=0.8,application/signed-exchange;v=b3;q=0.9
2020-06-24 14:57:09.478126 [info]: got 1 http line: Sec-Fetch-Site: none
2020-06-24 14:57:09.478303 [info]: oop!unknow header: Sec-Fetch-Site: none
2020-06-24 14:57:09.478498 [info]: got 1 http line: Sec-Fetch-Mode: navigate
2020-06-24 14:57:09.478681 [info]: oop!unknow header: Sec-Fetch-Mode: navigate
2020-06-24 14:57:09.478875 [info]: got 1 http line: Sec-Fetch-User: ?1
2020-06-24 14:57:09.479069 [info]: oop!unknow header: Sec-Fetch-User: ?1
2020-06-24 14:57:09.479248 [info]: got 1 http line: Sec-Fetch-Dest: document
2020-06-24 14:57:09.479426 [info]: oop!unknow header: Sec-Fetch-Dest: document
2020-06-24 14:57:09.479624 [info]: got 1 http line: Accept-Encoding: gzip, deflate, br
2020-06-24 14:57:09.479806 [info]: oop!unknow header: Accept-Encoding: gzip, deflate, br
2020-06-24 14:57:09.480029 [info]: got 1 http line: Accept-Language: zh-CN,zh;q=0.9
2020-06-24 14:57:09.480226 [info]: oop!unknow header: Accept-Language: zh-CN,zh;q=0.9
2020-06-24 14:57:09.480363 [info]: got 1 http line: 
2020-06-24 14:57:09.491942 [info]: request:HTTP/1.1 200 OK

2020-06-24 14:57:09.492220 [info]: request:HTTP/1.1 200 OK
Content-Length: 586

2020-06-24 14:57:09.492450 [info]: request:HTTP/1.1 200 OK
Content-Length: 586
Connection: keep-alive

2020-06-24 14:57:09.492649 [info]: request:HTTP/1.1 200 OK
Content-Length: 586
Connection: keep-alive


2020-06-24 14:57:09.492998 [info]: send data to the client(127.0.0.1)
2020-06-24 14:57:09.493221 [info]: adjust time once
2020-06-24 14:57:09.493532 [info]: close fd 16
2020-06-24 14:57:09.700087 [info]: deal with the client(127.0.0.1)
2020-06-24 14:57:09.701344 [info]: adjust time once
2020-06-24 14:57:09.703551 [info]: got 1 http line: GET / HTTP/1.1
2020-06-24 14:57:09.703937 [info]: got 1 http line: Host: localhost:9007
2020-06-24 14:57:09.704766 [info]: got 1 http line: Connection: keep-alive
2020-06-24 14:57:09.707883 [info]: got 1 http line: Cache-Control: max-age=0
2020-06-24 14:57:09.708241 [info]: oop!unknow header: Cache-Control: max-age=0
2020-06-24 14:57:09.708477 [info]: got 1 http line: Upgrade-Insecure-Requests: 1
2020-06-24 14:57:09.711707 [info]: oop!unknow header: Upgrade-Insecure-Requests: 1
2020-06-24 14:57:09.712069 [info]: got 1 http line: User-Agent: Mozilla/5.0 (Windows NT 10.0; Win64; x64) AppleWebKit/537.36 (KHTML, like Gecko) Chrome/83.0.4103.97 Safari/537.36
2020-06-24 14:57:09.712263 [info]: oop!unknow header: User-Agent: Mozilla/5.0 (Windows NT 10.0; Win64; x64) AppleWebKit/537.36 (KHTML, like Gecko) Chrome/83.0.4103.97 Safari/537.36
2020-06-24 14:57:09.712444 [info]: got 1 http line: Accept: text/html,application/xhtml+xml,application/xml;q=0.9,image/webp,image/apng,*/*;q=0.8,application/signed-exchange;v=b3;q=0.9
2020-06-24 14:57:09.712683 [info]: oop!unknow header: Accept: text/html,application/xhtml+xml,application/xml;q=0.9,image/webp,image/apng,*/*;q=0.8,application/signed-exchange;v=b3;q=0.9
2020-06-24 14:57:09.713052 [info]: got 1 http line: Sec-Fetch-Site: cross-site
2020-06-24 14:57:09.713279 [info]: oop!unknow header: Sec-Fetch-Site: cross-site
2020-06-24 14:57:09.713472 [info]: got 1 http line: Sec-Fetch-Mode: navigate
2020-06-24 14:57:09.713664 [info]: oop!unknow header: Sec-Fetch-Mode: navigate
2020-06-24 14:57:09.713869 [info]: got 1 http line: Sec-Fetch-Dest: document
2020-06-24 14:57:09.714063 [info]: oop!unknow header: Sec-Fetch-Dest: document
2020-06-24 14:57:09.714244 [info]: got 1 http line: Accept-Encoding: gzip, deflate, br
2020-06-24 14:57:09.714428 [info]: oop!unknow header: Accept-Encoding: gzip, deflate, br
2020-06-24 14:57:09.714622 [info]: got 1 http line: Accept-Language: zh-CN,zh;q=0.9
2020-06-24 14:57:09.714801 [info]: oop!unknow header: Accept-Language: zh-CN,zh;q=0.9
2020-06-24 14:57:09.715059 [info]: got 1 http line: 
2020-06-24 14:57:09.715395 [info]: request:HTTP/1.1 200 OK

2020-06-24 14:57:09.715639 [info]: request:HTTP/1.1 200 OK
Content-Length: 586

2020-06-24 14:57:09.716135 [info]: request:HTTP/1.1 200 OK
Content-Length: 586
Connection: keep-alive

2020-06-24 14:57:09.716494 [info]: request:HTTP/1.1 200 OK
Content-Length: 586
Connection: keep-alive


2020-06-24 14:57:09.717307 [info]: send data to the client(127.0.0.1)
2020-06-24 14:57:09.718100 [info]: adjust time once
2020-06-24 14:57:09.721149 [info]: close fd 17
2020-06-24 14:57:27.757596 [info]: close fd 16
2020-06-24 15:18:00.413408 [info]: deal with the client(127.0.0.1)
2020-06-24 15:18:00.413796 [info]: adjust time once
2020-06-24 15:18:00.413871 [info]: got 1 http line: GET / HTTP/1.1
2020-06-24 15:18:00.414216 [info]: got 1 http line: Host: localhost:9007
2020-06-24 15:18:00.414421 [info]: got 1 http line: Connection: keep-alive
2020-06-24 15:18:00.414595 [info]: got 1 http line: Cache-Control: max-age=0
2020-06-24 15:18:00.414766 [info]: oop!unknow header: Cache-Control: max-age=0
2020-06-24 15:18:00.414946 [info]: got 1 http line: Upgrade-Insecure-Requests: 1
2020-06-24 15:18:00.415128 [info]: oop!unknow header: Upgrade-Insecure-Requests: 1
2020-06-24 15:18:00.415355 [info]: got 1 http line: User-Agent: Mozilla/5.0 (Windows NT 10.0; Win64; x64) AppleWebKit/537.36 (KHTML, like Gecko) Chrome/83.0.4103.97 Safari/537.36
2020-06-24 15:18:00.415741 [info]: oop!unknow header: User-Agent: Mozilla/5.0 (Windows NT 10.0; Win64; x64) AppleWebKit/537.36 (KHTML, like Gecko) Chrome/83.0.4103.97 Safari/537.36
2020-06-24 15:18:00.416040 [info]: got 1 http line: Accept: text/html,application/xhtml+xml,application/xml;q=0.9,image/webp,image/apng,*/*;q=0.8,application/signed-exchange;v=b3;q=0.9
2020-06-24 15:18:00.417095 [info]: oop!unknow header: Accept: text/html,application/xhtml+xml,application/xml;q=0.9,image/webp,image/apng,*/*;q=0.8,application/signed-exchange;v=b3;q=0.9
2020-06-24 15:18:00.418046 [info]: got 1 http line: Sec-Fetch-Site: none
2020-06-24 15:18:00.419056 [info]: oop!unknow header: Sec-Fetch-Site: none
2020-06-24 15:18:00.419751 [info]: got 1 http line: Sec-Fetch-Mode: navigate
2020-06-24 15:18:00.420047 [info]: oop!unknow header: Sec-Fetch-Mode: navigate
2020-06-24 15:18:00.420581 [info]: got 1 http line: Sec-Fetch-User: ?1
2020-06-24 15:18:00.420804 [info]: oop!unknow header: Sec-Fetch-User: ?1
2020-06-24 15:18:00.421074 [info]: got 1 http line: Sec-Fetch-Dest: document
2020-06-24 15:18:00.421320 [info]: oop!unknow header: Sec-Fetch-Dest: document
2020-06-24 15:18:00.421509 [info]: got 1 http line: Accept-Encoding: gzip, deflate, br
2020-06-24 15:18:00.421689 [info]: oop!unknow header: Accept-Encoding: gzip, deflate, br
2020-06-24 15:18:00.421902 [info]: got 1 http line: Accept-Language: zh-CN,zh;q=0.9
2020-06-24 15:18:00.422176 [info]: oop!unknow header: Accept-Language: zh-CN,zh;q=0.9
2020-06-24 15:18:00.422400 [info]: got 1 http line: 
2020-06-24 15:18:00.423554 [info]: request:HTTP/1.1 200 OK

2020-06-24 15:18:00.423902 [info]: request:HTTP/1.1 200 OK
Content-Length: 586

2020-06-24 15:18:00.424095 [info]: request:HTTP/1.1 200 OK
Content-Length: 586
Connection: keep-alive

2020-06-24 15:18:00.424291 [info]: request:HTTP/1.1 200 OK
Content-Length: 586
Connection: keep-alive


2020-06-24 15:18:00.424959 [info]: send data to the client(127.0.0.1)
2020-06-24 15:18:00.425295 [info]: adjust time once
2020-06-24 15:18:00.426609 [info]: close fd 16
2020-06-24 15:18:16.630415 [info]: close fd 17
2020-06-24 15:18:16.631175 [info]: close fd 16
2020-06-24 15:30:32.232703 [info]: deal with the client(127.0.0.1)
2020-06-24 15:30:32.233031 [info]: adjust time once
2020-06-24 15:30:32.233163 [info]: got 1 http line: GET / HTTP/1.1
2020-06-24 15:30:32.233598 [info]: got 1 http line: Host: localhost:9007
2020-06-24 15:30:32.233866 [info]: got 1 http line: Connection: keep-alive
2020-06-24 15:30:32.234060 [info]: got 1 http line: Cache-Control: max-age=0
2020-06-24 15:30:32.234257 [info]: oop!unknow header: Cache-Control: max-age=0
2020-06-24 15:30:32.234461 [info]: got 1 http line: Upgrade-Insecure-Requests: 1
2020-06-24 15:30:32.234727 [info]: oop!unknow header: Upgrade-Insecure-Requests: 1
2020-06-24 15:30:32.235027 [info]: got 1 http line: User-Agent: Mozilla/5.0 (Windows NT 10.0; Win64; x64) AppleWebKit/537.36 (KHTML, like Gecko) Chrome/83.0.4103.97 Safari/537.36
2020-06-24 15:30:32.235255 [info]: oop!unknow header: User-Agent: Mozilla/5.0 (Windows NT 10.0; Win64; x64) AppleWebKit/537.36 (KHTML, like Gecko) Chrome/83.0.4103.97 Safari/537.36
2020-06-24 15:30:32.235449 [info]: got 1 http line: Accept: text/html,application/xhtml+xml,application/xml;q=0.9,image/webp,image/apng,*/*;q=0.8,application/signed-exchange;v=b3;q=0.9
2020-06-24 15:30:32.235756 [info]: oop!unknow header: Accept: text/html,application/xhtml+xml,application/xml;q=0.9,image/webp,image/apng,*/*;q=0.8,application/signed-exchange;v=b3;q=0.9
2020-06-24 15:30:32.236007 [info]: got 1 http line: Sec-Fetch-Site: none
2020-06-24 15:30:32.236267 [info]: oop!unknow header: Sec-Fetch-Site: none
2020-06-24 15:30:32.236490 [info]: got 1 http line: Sec-Fetch-Mode: navigate
2020-06-24 15:30:32.236708 [info]: oop!unknow header: Sec-Fetch-Mode: navigate
2020-06-24 15:30:32.236921 [info]: got 1 http line: Sec-Fetch-User: ?1
2020-06-24 15:30:32.237448 [info]: oop!unknow header: Sec-Fetch-User: ?1
2020-06-24 15:30:32.237801 [info]: got 1 http line: Sec-Fetch-Dest: document
2020-06-24 15:30:32.239442 [info]: oop!unknow header: Sec-Fetch-Dest: document
2020-06-24 15:30:32.240390 [info]: got 1 http line: Accept-Encoding: gzip, deflate, br
2020-06-24 15:30:32.240631 [info]: oop!unknow header: Accept-Encoding: gzip, deflate, br
2020-06-24 15:30:32.240872 [info]: got 1 http line: Accept-Language: zh-CN,zh;q=0.9
2020-06-24 15:30:32.241247 [info]: oop!unknow header: Accept-Language: zh-CN,zh;q=0.9
2020-06-24 15:30:32.241520 [info]: got 1 http line: 
2020-06-24 15:30:32.241984 [info]: request:HTTP/1.1 200 OK

2020-06-24 15:30:32.242260 [info]: request:HTTP/1.1 200 OK
Content-Length: 586

2020-06-24 15:30:32.242470 [info]: request:HTTP/1.1 200 OK
Content-Length: 586
Connection: keep-alive

2020-06-24 15:30:32.242698 [info]: request:HTTP/1.1 200 OK
Content-Length: 586
Connection: keep-alive


2020-06-24 15:30:32.243159 [info]: send data to the client(127.0.0.1)
2020-06-24 15:30:32.243514 [info]: adjust time once
2020-06-24 15:30:48.155842 [info]: deal with the client(127.0.0.1)
2020-06-24 15:30:48.156182 [info]: adjust time once
2020-06-24 15:30:48.156460 [info]: got 1 http line: POST /0 HTTP/1.1
2020-06-24 15:30:48.156884 [info]: got 1 http line: Host: localhost:9007
2020-06-24 15:30:48.157180 [info]: got 1 http line: Connection: keep-alive
2020-06-24 15:30:48.157462 [info]: got 1 http line: Content-Length: 0
2020-06-24 15:30:48.157698 [info]: got 1 http line: Cache-Control: max-age=0
2020-06-24 15:30:48.157938 [info]: oop!unknow header: Cache-Control: max-age=0
2020-06-24 15:30:48.158482 [info]: got 1 http line: Upgrade-Insecure-Requests: 1
2020-06-24 15:30:48.159150 [info]: oop!unknow header: Upgrade-Insecure-Requests: 1
2020-06-24 15:30:48.159501 [info]: got 1 http line: Origin: http://localhost:9007
2020-06-24 15:30:48.159882 [info]: oop!unknow header: Origin: http://localhost:9007
2020-06-24 15:30:48.160356 [info]: got 1 http line: Content-Type: application/x-www-form-urlencoded
2020-06-24 15:30:48.160787 [info]: oop!unknow header: Content-Type: application/x-www-form-urlencoded
2020-06-24 15:30:48.161291 [info]: got 1 http line: User-Agent: Mozilla/5.0 (Windows NT 10.0; Win64; x64) AppleWebKit/537.36 (KHTML, like Gecko) Chrome/83.0.4103.97 Safari/537.36
2020-06-24 15:30:48.161941 [info]: oop!unknow header: User-Agent: Mozilla/5.0 (Windows NT 10.0; Win64; x64) AppleWebKit/537.36 (KHTML, like Gecko) Chrome/83.0.4103.97 Safari/537.36
2020-06-24 15:30:48.162249 [info]: got 1 http line: Accept: text/html,application/xhtml+xml,application/xml;q=0.9,image/webp,image/apng,*/*;q=0.8,application/signed-exchange;v=b3;q=0.9
2020-06-24 15:30:48.162559 [info]: oop!unknow header: Accept: text/html,application/xhtml+xml,application/xml;q=0.9,image/webp,image/apng,*/*;q=0.8,application/signed-exchange;v=b3;q=0.9
2020-06-24 15:30:48.162806 [info]: got 1 http line: Sec-Fetch-Site: same-origin
2020-06-24 15:30:48.163100 [info]: oop!unknow header: Sec-Fetch-Site: same-origin
2020-06-24 15:30:48.163416 [info]: got 1 http line: Sec-Fetch-Mode: navigate
2020-06-24 15:30:48.163643 [info]: oop!unknow header: Sec-Fetch-Mode: navigate
2020-06-24 15:30:48.163843 [info]: got 1 http line: Sec-Fetch-User: ?1
2020-06-24 15:30:48.164108 [info]: oop!unknow header: Sec-Fetch-User: ?1
2020-06-24 15:30:48.164499 [info]: got 1 http line: Sec-Fetch-Dest: document
2020-06-24 15:30:48.164871 [info]: oop!unknow header: Sec-Fetch-Dest: document
2020-06-24 15:30:48.165159 [info]: got 1 http line: Referer: http://localhost:9007/
2020-06-24 15:30:48.165420 [info]: oop!unknow header: Referer: http://localhost:9007/
2020-06-24 15:30:48.165637 [info]: got 1 http line: Accept-Encoding: gzip, deflate, br
2020-06-24 15:30:48.165859 [info]: oop!unknow header: Accept-Encoding: gzip, deflate, br
2020-06-24 15:30:48.166078 [info]: got 1 http line: Accept-Language: zh-CN,zh;q=0.9
2020-06-24 15:30:48.166347 [info]: oop!unknow header: Accept-Language: zh-CN,zh;q=0.9
2020-06-24 15:30:48.166611 [info]: got 1 http line: 
2020-06-24 15:30:48.179834 [info]: request:HTTP/1.1 200 OK

2020-06-24 15:30:48.180084 [info]: request:HTTP/1.1 200 OK
Content-Length: 724

2020-06-24 15:30:48.180220 [info]: request:HTTP/1.1 200 OK
Content-Length: 724
Connection: keep-alive

2020-06-24 15:30:48.180438 [info]: request:HTTP/1.1 200 OK
Content-Length: 724
Connection: keep-alive


2020-06-24 15:30:48.180903 [info]: send data to the client(127.0.0.1)
2020-06-24 15:30:48.181188 [info]: adjust time once
2020-06-24 15:30:48.228759 [info]: close fd 17
2020-06-24 15:30:48.231146 [info]: close fd 18
2020-06-24 15:31:02.724698 [info]: deal with the client(127.0.0.1)
2020-06-24 15:31:02.725271 [info]: adjust time once
2020-06-24 15:31:02.725638 [info]: got 1 http line: POST /3CGISQL.cgi HTTP/1.1
2020-06-24 15:31:02.726206 [info]: got 1 http line: Host: localhost:9007
2020-06-24 15:31:02.726607 [info]: got 1 http line: Connection: keep-alive
2020-06-24 15:31:02.727315 [info]: got 1 http line: Content-Length: 29
2020-06-24 15:31:02.727718 [info]: got 1 http line: Cache-Control: max-age=0
2020-06-24 15:31:02.728005 [info]: oop!unknow header: Cache-Control: max-age=0
2020-06-24 15:31:02.728311 [info]: got 1 http line: Upgrade-Insecure-Requests: 1
2020-06-24 15:31:02.728570 [info]: oop!unknow header: Upgrade-Insecure-Requests: 1
2020-06-24 15:31:02.728811 [info]: got 1 http line: Origin: http://localhost:9007
2020-06-24 15:31:02.729057 [info]: oop!unknow header: Origin: http://localhost:9007
2020-06-24 15:31:02.729479 [info]: got 1 http line: Content-Type: application/x-www-form-urlencoded
2020-06-24 15:31:02.729730 [info]: oop!unknow header: Content-Type: application/x-www-form-urlencoded
2020-06-24 15:31:02.729977 [info]: got 1 http line: User-Agent: Mozilla/5.0 (Windows NT 10.0; Win64; x64) AppleWebKit/537.36 (KHTML, like Gecko) Chrome/83.0.4103.97 Safari/537.36
2020-06-24 15:31:02.730206 [info]: oop!unknow header: User-Agent: Mozilla/5.0 (Windows NT 10.0; Win64; x64) AppleWebKit/537.36 (KHTML, like Gecko) Chrome/83.0.4103.97 Safari/537.36
2020-06-24 15:31:02.730635 [info]: got 1 http line: Accept: text/html,application/xhtml+xml,application/xml;q=0.9,image/webp,image/apng,*/*;q=0.8,application/signed-exchange;v=b3;q=0.9
2020-06-24 15:31:02.730861 [info]: oop!unknow header: Accept: text/html,application/xhtml+xml,application/xml;q=0.9,image/webp,image/apng,*/*;q=0.8,application/signed-exchange;v=b3;q=0.9
2020-06-24 15:31:02.731016 [info]: got 1 http line: Sec-Fetch-Site: same-origin
2020-06-24 15:31:02.731196 [info]: oop!unknow header: Sec-Fetch-Site: same-origin
2020-06-24 15:31:02.731439 [info]: got 1 http line: Sec-Fetch-Mode: navigate
2020-06-24 15:31:02.731659 [info]: oop!unknow header: Sec-Fetch-Mode: navigate
2020-06-24 15:31:02.731877 [info]: got 1 http line: Sec-Fetch-User: ?1
2020-06-24 15:31:02.732069 [info]: oop!unknow header: Sec-Fetch-User: ?1
2020-06-24 15:31:02.732359 [info]: got 1 http line: Sec-Fetch-Dest: document
2020-06-24 15:31:02.732606 [info]: oop!unknow header: Sec-Fetch-Dest: document
2020-06-24 15:31:02.732835 [info]: got 1 http line: Referer: http://localhost:9007/0
2020-06-24 15:31:02.733061 [info]: oop!unknow header: Referer: http://localhost:9007/0
2020-06-24 15:31:02.733313 [info]: got 1 http line: Accept-Encoding: gzip, deflate, br
2020-06-24 15:31:02.733547 [info]: oop!unknow header: Accept-Encoding: gzip, deflate, br
2020-06-24 15:31:02.733782 [info]: got 1 http line: Accept-Language: zh-CN,zh;q=0.9
2020-06-24 15:31:02.734012 [info]: oop!unknow header: Accept-Language: zh-CN,zh;q=0.9
2020-06-24 15:31:02.734276 [info]: got 1 http line: 
2020-06-24 15:31:02.734443 [info]: got 1 http line: user=test624&password=test624
2020-06-24 16:01:41.655515 [info]: deal with the client(127.0.0.1)
2020-06-24 16:01:41.655972 [info]: adjust time once
2020-06-24 16:01:41.656057 [info]: got 1 http line: GET / HTTP/1.1
2020-06-24 16:01:41.656648 [info]: got 1 http line: Host: localhost:9007
2020-06-24 16:01:41.656964 [info]: got 1 http line: Connection: keep-alive
2020-06-24 16:01:41.657208 [info]: got 1 http line: Upgrade-Insecure-Requests: 1
2020-06-24 16:01:41.657607 [info]: oop!unknow header: Upgrade-Insecure-Requests: 1
2020-06-24 16:01:41.658051 [info]: got 1 http line: User-Agent: Mozilla/5.0 (Windows NT 10.0; Win64; x64) AppleWebKit/537.36 (KHTML, like Gecko) Chrome/83.0.4103.97 Safari/537.36
2020-06-24 16:01:41.658306 [info]: oop!unknow header: User-Agent: Mozilla/5.0 (Windows NT 10.0; Win64; x64) AppleWebKit/537.36 (KHTML, like Gecko) Chrome/83.0.4103.97 Safari/537.36
2020-06-24 16:01:41.658566 [info]: got 1 http line: Accept: text/html,application/xhtml+xml,application/xml;q=0.9,image/webp,image/apng,*/*;q=0.8,application/signed-exchange;v=b3;q=0.9
2020-06-24 16:01:41.658793 [info]: oop!unknow header: Accept: text/html,application/xhtml+xml,application/xml;q=0.9,image/webp,image/apng,*/*;q=0.8,application/signed-exchange;v=b3;q=0.9
2020-06-24 16:01:41.659010 [info]: got 1 http line: Sec-Fetch-Site: none
2020-06-24 16:01:41.659233 [info]: oop!unknow header: Sec-Fetch-Site: none
2020-06-24 16:01:41.659620 [info]: got 1 http line: Sec-Fetch-Mode: navigate
2020-06-24 16:01:41.659848 [info]: oop!unknow header: Sec-Fetch-Mode: navigate
2020-06-24 16:01:41.660069 [info]: got 1 http line: Sec-Fetch-User: ?1
2020-06-24 16:01:41.660298 [info]: oop!unknow header: Sec-Fetch-User: ?1
2020-06-24 16:01:41.660669 [info]: got 1 http line: Sec-Fetch-Dest: document
2020-06-24 16:01:41.660904 [info]: oop!unknow header: Sec-Fetch-Dest: document
2020-06-24 16:01:41.661117 [info]: got 1 http line: Accept-Encoding: gzip, deflate, br
2020-06-24 16:01:41.661523 [info]: oop!unknow header: Accept-Encoding: gzip, deflate, br
2020-06-24 16:01:41.661853 [info]: got 1 http line: Accept-Language: zh-CN,zh;q=0.9
2020-06-24 16:01:41.662079 [info]: oop!unknow header: Accept-Language: zh-CN,zh;q=0.9
2020-06-24 16:01:41.662294 [info]: got 1 http line: 
2020-06-24 16:01:41.662767 [info]: request:HTTP/1.1 200 OK

2020-06-24 16:01:41.663050 [info]: request:HTTP/1.1 200 OK
Content-Length: 586

2020-06-24 16:01:41.663287 [info]: request:HTTP/1.1 200 OK
Content-Length: 586
Connection: keep-alive

2020-06-24 16:01:41.663540 [info]: request:HTTP/1.1 200 OK
Content-Length: 586
Connection: keep-alive


2020-06-24 16:01:41.665867 [info]: send data to the client(127.0.0.1)
2020-06-24 16:01:41.666476 [info]: adjust time once
2020-06-24 16:01:48.098552 [info]: deal with the client(127.0.0.1)
2020-06-24 16:01:48.098997 [info]: adjust time once
2020-06-24 16:01:48.099096 [info]: got 1 http line: POST /0 HTTP/1.1
2020-06-24 16:01:48.099580 [info]: got 1 http line: Host: localhost:9007
2020-06-24 16:01:48.099846 [info]: got 1 http line: Connection: keep-alive
2020-06-24 16:01:48.100395 [info]: got 1 http line: Content-Length: 0
2020-06-24 16:01:48.100733 [info]: got 1 http line: Cache-Control: max-age=0
2020-06-24 16:01:48.101004 [info]: oop!unknow header: Cache-Control: max-age=0
2020-06-24 16:01:48.101442 [info]: got 1 http line: Upgrade-Insecure-Requests: 1
2020-06-24 16:01:48.101845 [info]: oop!unknow header: Upgrade-Insecure-Requests: 1
2020-06-24 16:01:48.102456 [info]: got 1 http line: Origin: http://localhost:9007
2020-06-24 16:01:48.102761 [info]: oop!unknow header: Origin: http://localhost:9007
2020-06-24 16:01:48.103160 [info]: got 1 http line: Content-Type: application/x-www-form-urlencoded
2020-06-24 16:01:48.103709 [info]: oop!unknow header: Content-Type: application/x-www-form-urlencoded
2020-06-24 16:01:48.104074 [info]: got 1 http line: User-Agent: Mozilla/5.0 (Windows NT 10.0; Win64; x64) AppleWebKit/537.36 (KHTML, like Gecko) Chrome/83.0.4103.97 Safari/537.36
2020-06-24 16:01:48.104657 [info]: oop!unknow header: User-Agent: Mozilla/5.0 (Windows NT 10.0; Win64; x64) AppleWebKit/537.36 (KHTML, like Gecko) Chrome/83.0.4103.97 Safari/537.36
2020-06-24 16:01:48.105619 [info]: got 1 http line: Accept: text/html,application/xhtml+xml,application/xml;q=0.9,image/webp,image/apng,*/*;q=0.8,application/signed-exchange;v=b3;q=0.9
2020-06-24 16:01:48.106212 [info]: oop!unknow header: Accept: text/html,application/xhtml+xml,application/xml;q=0.9,image/webp,image/apng,*/*;q=0.8,application/signed-exchange;v=b3;q=0.9
2020-06-24 16:01:48.106521 [info]: got 1 http line: Sec-Fetch-Site: same-origin
2020-06-24 16:01:48.106777 [info]: oop!unknow header: Sec-Fetch-Site: same-origin
2020-06-24 16:01:48.107002 [info]: got 1 http line: Sec-Fetch-Mode: navigate
2020-06-24 16:01:48.107369 [info]: oop!unknow header: Sec-Fetch-Mode: navigate
2020-06-24 16:01:48.107697 [info]: got 1 http line: Sec-Fetch-User: ?1
2020-06-24 16:01:48.107954 [info]: oop!unknow header: Sec-Fetch-User: ?1
2020-06-24 16:01:48.108316 [info]: got 1 http line: Sec-Fetch-Dest: document
2020-06-24 16:01:48.108569 [info]: oop!unknow header: Sec-Fetch-Dest: document
2020-06-24 16:01:48.108891 [info]: got 1 http line: Referer: http://localhost:9007/
2020-06-24 16:01:48.109351 [info]: oop!unknow header: Referer: http://localhost:9007/
2020-06-24 16:01:48.109554 [info]: got 1 http line: Accept-Encoding: gzip, deflate, br
2020-06-24 16:01:48.109716 [info]: oop!unknow header: Accept-Encoding: gzip, deflate, br
2020-06-24 16:01:48.109867 [info]: got 1 http line: Accept-Language: zh-CN,zh;q=0.9
2020-06-24 16:01:48.110211 [info]: oop!unknow header: Accept-Language: zh-CN,zh;q=0.9
2020-06-24 16:01:48.110509 [info]: got 1 http line: 
2020-06-24 16:01:48.110906 [info]: request:HTTP/1.1 200 OK

2020-06-24 16:01:48.111104 [info]: request:HTTP/1.1 200 OK
Content-Length: 724

2020-06-24 16:01:48.111266 [info]: request:HTTP/1.1 200 OK
Content-Length: 724
Connection: keep-alive

2020-06-24 16:01:48.111439 [info]: request:HTTP/1.1 200 OK
Content-Length: 724
Connection: keep-alive


2020-06-24 16:01:48.111883 [info]: send data to the client(127.0.0.1)
2020-06-24 16:01:48.112240 [info]: adjust time once
2020-06-24 16:01:57.199208 [info]: close fd 17
2020-06-24 16:01:57.199786 [info]: close fd 18
2020-06-24 16:01:57.326652 [info]: deal with the client(127.0.0.1)
2020-06-24 16:01:57.327028 [info]: adjust time once
2020-06-24 16:01:57.331181 [info]: got 1 http line: POST /3CGISQL.cgi HTTP/1.1
2020-06-24 16:01:57.331697 [info]: got 1 http line: Host: localhost:9007
2020-06-24 16:01:57.331946 [info]: got 1 http line: Connection: keep-alive
2020-06-24 16:01:57.332185 [info]: got 1 http line: Content-Length: 29
2020-06-24 16:01:57.332370 [info]: got 1 http line: Cache-Control: max-age=0
2020-06-24 16:01:57.332509 [info]: oop!unknow header: Cache-Control: max-age=0
2020-06-24 16:01:57.332815 [info]: got 1 http line: Upgrade-Insecure-Requests: 1
2020-06-24 16:01:57.332984 [info]: oop!unknow header: Upgrade-Insecure-Requests: 1
2020-06-24 16:01:57.333181 [info]: got 1 http line: Origin: http://localhost:9007
2020-06-24 16:01:57.333434 [info]: oop!unknow header: Origin: http://localhost:9007
2020-06-24 16:01:57.333647 [info]: got 1 http line: Content-Type: application/x-www-form-urlencoded
2020-06-24 16:01:57.333889 [info]: oop!unknow header: Content-Type: application/x-www-form-urlencoded
2020-06-24 16:01:57.334124 [info]: got 1 http line: User-Agent: Mozilla/5.0 (Windows NT 10.0; Win64; x64) AppleWebKit/537.36 (KHTML, like Gecko) Chrome/83.0.4103.97 Safari/537.36
2020-06-24 16:01:57.334306 [info]: oop!unknow header: User-Agent: Mozilla/5.0 (Windows NT 10.0; Win64; x64) AppleWebKit/537.36 (KHTML, like Gecko) Chrome/83.0.4103.97 Safari/537.36
2020-06-24 16:01:57.334482 [info]: got 1 http line: Accept: text/html,application/xhtml+xml,application/xml;q=0.9,image/webp,image/apng,*/*;q=0.8,application/signed-exchange;v=b3;q=0.9
2020-06-24 16:01:57.334682 [info]: oop!unknow header: Accept: text/html,application/xhtml+xml,application/xml;q=0.9,image/webp,image/apng,*/*;q=0.8,application/signed-exchange;v=b3;q=0.9
2020-06-24 16:01:57.334854 [info]: got 1 http line: Sec-Fetch-Site: same-origin
2020-06-24 16:01:57.335034 [info]: oop!unknow header: Sec-Fetch-Site: same-origin
2020-06-24 16:01:57.335211 [info]: got 1 http line: Sec-Fetch-Mode: navigate
2020-06-24 16:01:57.335386 [info]: oop!unknow header: Sec-Fetch-Mode: navigate
2020-06-24 16:01:57.335579 [info]: got 1 http line: Sec-Fetch-User: ?1
2020-06-24 16:01:57.335751 [info]: oop!unknow header: Sec-Fetch-User: ?1
2020-06-24 16:01:57.335922 [info]: got 1 http line: Sec-Fetch-Dest: document
2020-06-24 16:01:57.336093 [info]: oop!unknow header: Sec-Fetch-Dest: document
2020-06-24 16:01:57.336274 [info]: got 1 http line: Referer: http://localhost:9007/0
2020-06-24 16:01:57.336452 [info]: oop!unknow header: Referer: http://localhost:9007/0
2020-06-24 16:01:57.336701 [info]: got 1 http line: Accept-Encoding: gzip, deflate, br
2020-06-24 16:01:57.336891 [info]: oop!unknow header: Accept-Encoding: gzip, deflate, br
2020-06-24 16:01:57.337019 [info]: got 1 http line: Accept-Language: zh-CN,zh;q=0.9
2020-06-24 16:01:57.337140 [info]: oop!unknow header: Accept-Language: zh-CN,zh;q=0.9
2020-06-24 16:01:57.337260 [info]: got 1 http line: 
2020-06-24 16:01:57.337386 [info]: got 1 http line: user=test624&password=test624
2020-06-24 16:03:24.102631 [info]: deal with the client(127.0.0.1)
2020-06-24 16:03:24.103187 [info]: adjust time once
2020-06-24 16:03:24.103673 [info]: got 1 http line: GET / HTTP/1.1
2020-06-24 16:03:24.104066 [info]: got 1 http line: Host: localhost:9007
2020-06-24 16:03:24.104335 [info]: got 1 http line: Connection: keep-alive
2020-06-24 16:03:24.104561 [info]: got 1 http line: Upgrade-Insecure-Requests: 1
2020-06-24 16:03:24.104777 [info]: oop!unknow header: Upgrade-Insecure-Requests: 1
2020-06-24 16:03:24.104995 [info]: got 1 http line: User-Agent: Mozilla/5.0 (Windows NT 10.0; Win64; x64) AppleWebKit/537.36 (KHTML, like Gecko) Chrome/83.0.4103.97 Safari/537.36
2020-06-24 16:03:24.105344 [info]: oop!unknow header: User-Agent: Mozilla/5.0 (Windows NT 10.0; Win64; x64) AppleWebKit/537.36 (KHTML, like Gecko) Chrome/83.0.4103.97 Safari/537.36
2020-06-24 16:03:24.105558 [info]: got 1 http line: Accept: text/html,application/xhtml+xml,application/xml;q=0.9,image/webp,image/apng,*/*;q=0.8,application/signed-exchange;v=b3;q=0.9
2020-06-24 16:03:24.105717 [info]: oop!unknow header: Accept: text/html,application/xhtml+xml,application/xml;q=0.9,image/webp,image/apng,*/*;q=0.8,application/signed-exchange;v=b3;q=0.9
2020-06-24 16:03:24.106003 [info]: got 1 http line: Purpose: prefetch
2020-06-24 16:03:24.106251 [info]: oop!unknow header: Purpose: prefetch
2020-06-24 16:03:24.106462 [info]: got 1 http line: Sec-Fetch-Site: none
2020-06-24 16:03:24.106618 [info]: oop!unknow header: Sec-Fetch-Site: none
2020-06-24 16:03:24.106792 [info]: got 1 http line: Sec-Fetch-Mode: navigate
2020-06-24 16:03:24.107477 [info]: oop!unknow header: Sec-Fetch-Mode: navigate
2020-06-24 16:03:24.107861 [info]: got 1 http line: Sec-Fetch-User: ?1
2020-06-24 16:03:24.108052 [info]: oop!unknow header: Sec-Fetch-User: ?1
2020-06-24 16:03:24.108204 [info]: got 1 http line: Sec-Fetch-Dest: document
2020-06-24 16:03:24.108404 [info]: oop!unknow header: Sec-Fetch-Dest: document
2020-06-24 16:03:24.108610 [info]: got 1 http line: Accept-Encoding: gzip, deflate, br
2020-06-24 16:03:24.108789 [info]: oop!unknow header: Accept-Encoding: gzip, deflate, br
2020-06-24 16:03:24.109021 [info]: got 1 http line: Accept-Language: zh-CN,zh;q=0.9
2020-06-24 16:03:24.109227 [info]: oop!unknow header: Accept-Language: zh-CN,zh;q=0.9
2020-06-24 16:03:24.109441 [info]: got 1 http line: 
2020-06-24 16:03:24.109803 [info]: request:HTTP/1.1 200 OK

2020-06-24 16:03:24.110077 [info]: request:HTTP/1.1 200 OK
Content-Length: 586

2020-06-24 16:03:24.110344 [info]: request:HTTP/1.1 200 OK
Content-Length: 586
Connection: keep-alive

2020-06-24 16:03:24.110597 [info]: request:HTTP/1.1 200 OK
Content-Length: 586
Connection: keep-alive


2020-06-24 16:03:24.111083 [info]: send data to the client(127.0.0.1)
2020-06-24 16:03:24.111460 [info]: adjust time once
2020-06-24 16:03:27.161061 [info]: deal with the client(127.0.0.1)
2020-06-24 16:03:27.161767 [info]: adjust time once
2020-06-24 16:03:27.165337 [info]: got 1 http line: POST /0 HTTP/1.1
2020-06-24 16:03:27.165895 [info]: got 1 http line: Host: localhost:9007
2020-06-24 16:03:27.166261 [info]: got 1 http line: Connection: keep-alive
2020-06-24 16:03:27.166617 [info]: got 1 http line: Content-Length: 0
2020-06-24 16:03:27.166921 [info]: got 1 http line: Cache-Control: max-age=0
2020-06-24 16:03:27.167279 [info]: oop!unknow header: Cache-Control: max-age=0
2020-06-24 16:03:27.167511 [info]: got 1 http line: Upgrade-Insecure-Requests: 1
2020-06-24 16:03:27.167690 [info]: oop!unknow header: Upgrade-Insecure-Requests: 1
2020-06-24 16:03:27.167866 [info]: got 1 http line: Origin: http://localhost:9007
2020-06-24 16:03:27.168045 [info]: oop!unknow header: Origin: http://localhost:9007
2020-06-24 16:03:27.168227 [info]: got 1 http line: Content-Type: application/x-www-form-urlencoded
2020-06-24 16:03:27.168434 [info]: oop!unknow header: Content-Type: application/x-www-form-urlencoded
2020-06-24 16:03:27.168641 [info]: got 1 http line: User-Agent: Mozilla/5.0 (Windows NT 10.0; Win64; x64) AppleWebKit/537.36 (KHTML, like Gecko) Chrome/83.0.4103.97 Safari/537.36
2020-06-24 16:03:27.168840 [info]: oop!unknow header: User-Agent: Mozilla/5.0 (Windows NT 10.0; Win64; x64) AppleWebKit/537.36 (KHTML, like Gecko) Chrome/83.0.4103.97 Safari/537.36
2020-06-24 16:03:27.169021 [info]: got 1 http line: Accept: text/html,application/xhtml+xml,application/xml;q=0.9,image/webp,image/apng,*/*;q=0.8,application/signed-exchange;v=b3;q=0.9
2020-06-24 16:03:27.169193 [info]: oop!unknow header: Accept: text/html,application/xhtml+xml,application/xml;q=0.9,image/webp,image/apng,*/*;q=0.8,application/signed-exchange;v=b3;q=0.9
2020-06-24 16:03:27.169367 [info]: got 1 http line: Sec-Fetch-Site: same-origin
2020-06-24 16:03:27.169567 [info]: oop!unknow header: Sec-Fetch-Site: same-origin
2020-06-24 16:03:27.169748 [info]: got 1 http line: Sec-Fetch-Mode: navigate
2020-06-24 16:03:27.169933 [info]: oop!unknow header: Sec-Fetch-Mode: navigate
2020-06-24 16:03:27.170127 [info]: got 1 http line: Sec-Fetch-User: ?1
2020-06-24 16:03:27.170314 [info]: oop!unknow header: Sec-Fetch-User: ?1
2020-06-24 16:03:27.171009 [info]: got 1 http line: Sec-Fetch-Dest: document
2020-06-24 16:03:27.171262 [info]: oop!unknow header: Sec-Fetch-Dest: document
2020-06-24 16:03:27.171462 [info]: got 1 http line: Referer: http://localhost:9007/
2020-06-24 16:03:27.171668 [info]: oop!unknow header: Referer: http://localhost:9007/
2020-06-24 16:03:27.171848 [info]: got 1 http line: Accept-Encoding: gzip, deflate, br
2020-06-24 16:03:27.172030 [info]: oop!unknow header: Accept-Encoding: gzip, deflate, br
2020-06-24 16:03:27.172211 [info]: got 1 http line: Accept-Language: zh-CN,zh;q=0.9
2020-06-24 16:03:27.172409 [info]: oop!unknow header: Accept-Language: zh-CN,zh;q=0.9
2020-06-24 16:03:27.172592 [info]: got 1 http line: 
2020-06-24 16:03:27.172932 [info]: request:HTTP/1.1 200 OK

2020-06-24 16:03:27.173170 [info]: request:HTTP/1.1 200 OK
Content-Length: 724

2020-06-24 16:03:27.173375 [info]: request:HTTP/1.1 200 OK
Content-Length: 724
Connection: keep-alive

2020-06-24 16:03:27.173584 [info]: request:HTTP/1.1 200 OK
Content-Length: 724
Connection: keep-alive


2020-06-24 16:03:27.173934 [info]: send data to the client(127.0.0.1)
2020-06-24 16:03:27.174207 [info]: adjust time once
2020-06-24 16:03:37.047807 [info]: deal with the client(127.0.0.1)
2020-06-24 16:03:37.048154 [info]: adjust time once
2020-06-24 16:03:37.048217 [info]: got 1 http line: POST /3CGISQL.cgi HTTP/1.1
2020-06-24 16:03:37.048946 [info]: got 1 http line: Host: localhost:9007
2020-06-24 16:03:37.049452 [info]: got 1 http line: Connection: keep-alive
2020-06-24 16:03:37.050049 [info]: got 1 http line: Content-Length: 29
2020-06-24 16:03:37.050817 [info]: got 1 http line: Cache-Control: max-age=0
2020-06-24 16:03:37.051094 [info]: oop!unknow header: Cache-Control: max-age=0
2020-06-24 16:03:37.051510 [info]: got 1 http line: Upgrade-Insecure-Requests: 1
2020-06-24 16:03:37.051840 [info]: oop!unknow header: Upgrade-Insecure-Requests: 1
2020-06-24 16:03:37.052948 [info]: got 1 http line: Origin: http://localhost:9007
2020-06-24 16:03:37.053312 [info]: oop!unknow header: Origin: http://localhost:9007
2020-06-24 16:03:37.054628 [info]: got 1 http line: Content-Type: application/x-www-form-urlencoded
2020-06-24 16:03:37.055167 [info]: oop!unknow header: Content-Type: application/x-www-form-urlencoded
2020-06-24 16:03:37.055480 [info]: got 1 http line: User-Agent: Mozilla/5.0 (Windows NT 10.0; Win64; x64) AppleWebKit/537.36 (KHTML, like Gecko) Chrome/83.0.4103.97 Safari/537.36
2020-06-24 16:03:37.055856 [info]: oop!unknow header: User-Agent: Mozilla/5.0 (Windows NT 10.0; Win64; x64) AppleWebKit/537.36 (KHTML, like Gecko) Chrome/83.0.4103.97 Safari/537.36
2020-06-24 16:03:37.056157 [info]: got 1 http line: Accept: text/html,application/xhtml+xml,application/xml;q=0.9,image/webp,image/apng,*/*;q=0.8,application/signed-exchange;v=b3;q=0.9
2020-06-24 16:03:37.056348 [info]: oop!unknow header: Accept: text/html,application/xhtml+xml,application/xml;q=0.9,image/webp,image/apng,*/*;q=0.8,application/signed-exchange;v=b3;q=0.9
2020-06-24 16:03:37.056545 [info]: got 1 http line: Sec-Fetch-Site: same-origin
2020-06-24 16:03:37.056807 [info]: oop!unknow header: Sec-Fetch-Site: same-origin
2020-06-24 16:03:37.057034 [info]: got 1 http line: Sec-Fetch-Mode: navigate
2020-06-24 16:03:37.057252 [info]: oop!unknow header: Sec-Fetch-Mode: navigate
2020-06-24 16:03:37.057469 [info]: got 1 http line: Sec-Fetch-User: ?1
2020-06-24 16:03:37.057714 [info]: oop!unknow header: Sec-Fetch-User: ?1
2020-06-24 16:03:37.057935 [info]: got 1 http line: Sec-Fetch-Dest: document
2020-06-24 16:03:37.058166 [info]: oop!unknow header: Sec-Fetch-Dest: document
2020-06-24 16:03:37.058416 [info]: got 1 http line: Referer: http://localhost:9007/0
2020-06-24 16:03:37.059455 [info]: oop!unknow header: Referer: http://localhost:9007/0
2020-06-24 16:03:37.060760 [info]: got 1 http line: Accept-Encoding: gzip, deflate, br
2020-06-24 16:03:37.061133 [info]: oop!unknow header: Accept-Encoding: gzip, deflate, br
2020-06-24 16:03:37.061367 [info]: got 1 http line: Accept-Language: zh-CN,zh;q=0.9
2020-06-24 16:03:37.061745 [info]: oop!unknow header: Accept-Language: zh-CN,zh;q=0.9
2020-06-24 16:03:37.062038 [info]: got 1 http line: 
2020-06-24 16:03:37.062199 [info]: got 1 http line: user=test624&password=test624
2020-06-24 16:07:01.012527 [info]: deal with the client(127.0.0.1)
2020-06-24 16:07:01.013074 [info]: adjust time once
2020-06-24 16:07:01.013312 [info]: got 1 http line: GET / HTTP/1.1
2020-06-24 16:07:01.013618 [info]: got 1 http line: Host: localhost:9007
2020-06-24 16:07:01.013837 [info]: got 1 http line: Connection: keep-alive
2020-06-24 16:07:01.014073 [info]: got 1 http line: Upgrade-Insecure-Requests: 1
2020-06-24 16:07:01.014338 [info]: oop!unknow header: Upgrade-Insecure-Requests: 1
2020-06-24 16:07:01.014591 [info]: got 1 http line: User-Agent: Mozilla/5.0 (Windows NT 10.0; Win64; x64) AppleWebKit/537.36 (KHTML, like Gecko) Chrome/83.0.4103.97 Safari/537.36
2020-06-24 16:07:01.014847 [info]: oop!unknow header: User-Agent: Mozilla/5.0 (Windows NT 10.0; Win64; x64) AppleWebKit/537.36 (KHTML, like Gecko) Chrome/83.0.4103.97 Safari/537.36
2020-06-24 16:07:01.015091 [info]: got 1 http line: Accept: text/html,application/xhtml+xml,application/xml;q=0.9,image/webp,image/apng,*/*;q=0.8,application/signed-exchange;v=b3;q=0.9
2020-06-24 16:07:01.015513 [info]: oop!unknow header: Accept: text/html,application/xhtml+xml,application/xml;q=0.9,image/webp,image/apng,*/*;q=0.8,application/signed-exchange;v=b3;q=0.9
2020-06-24 16:07:01.015777 [info]: got 1 http line: Purpose: prefetch
2020-06-24 16:07:01.016022 [info]: oop!unknow header: Purpose: prefetch
2020-06-24 16:07:01.016384 [info]: got 1 http line: Sec-Fetch-Site: none
2020-06-24 16:07:01.016642 [info]: oop!unknow header: Sec-Fetch-Site: none
2020-06-24 16:07:01.016888 [info]: got 1 http line: Sec-Fetch-Mode: navigate
2020-06-24 16:07:01.017268 [info]: oop!unknow header: Sec-Fetch-Mode: navigate
2020-06-24 16:07:01.017801 [info]: got 1 http line: Sec-Fetch-User: ?1
2020-06-24 16:07:01.018178 [info]: oop!unknow header: Sec-Fetch-User: ?1
2020-06-24 16:07:01.018451 [info]: got 1 http line: Sec-Fetch-Dest: document
2020-06-24 16:07:01.018946 [info]: oop!unknow header: Sec-Fetch-Dest: document
2020-06-24 16:07:01.019176 [info]: got 1 http line: Accept-Encoding: gzip, deflate, br
2020-06-24 16:07:01.019380 [info]: oop!unknow header: Accept-Encoding: gzip, deflate, br
2020-06-24 16:07:01.019823 [info]: got 1 http line: Accept-Language: zh-CN,zh;q=0.9
2020-06-24 16:07:01.020105 [info]: oop!unknow header: Accept-Language: zh-CN,zh;q=0.9
2020-06-24 16:07:01.020356 [info]: got 1 http line: 
2020-06-24 16:07:01.020797 [info]: request:HTTP/1.1 200 OK

2020-06-24 16:07:01.021152 [info]: request:HTTP/1.1 200 OK
Content-Length: 586

2020-06-24 16:07:01.021564 [info]: request:HTTP/1.1 200 OK
Content-Length: 586
Connection: keep-alive

2020-06-24 16:07:01.021875 [info]: request:HTTP/1.1 200 OK
Content-Length: 586
Connection: keep-alive


2020-06-24 16:07:01.022229 [info]: send data to the client(127.0.0.1)
2020-06-24 16:07:01.022498 [info]: adjust time once
2020-06-24 16:07:07.042344 [info]: deal with the client(127.0.0.1)
2020-06-24 16:07:07.042744 [info]: adjust time once
2020-06-24 16:07:07.042846 [info]: got 1 http line: POST /0 HTTP/1.1
2020-06-24 16:07:07.043570 [info]: got 1 http line: Host: localhost:9007
2020-06-24 16:07:07.043822 [info]: got 1 http line: Connection: keep-alive
2020-06-24 16:07:07.044128 [info]: got 1 http line: Content-Length: 0
2020-06-24 16:07:07.044481 [info]: got 1 http line: Cache-Control: max-age=0
2020-06-24 16:07:07.047529 [info]: oop!unknow header: Cache-Control: max-age=0
2020-06-24 16:07:07.052363 [info]: got 1 http line: Upgrade-Insecure-Requests: 1
2020-06-24 16:07:07.052857 [info]: oop!unknow header: Upgrade-Insecure-Requests: 1
2020-06-24 16:07:07.053465 [info]: got 1 http line: Origin: http://localhost:9007
2020-06-24 16:07:07.053825 [info]: oop!unknow header: Origin: http://localhost:9007
2020-06-24 16:07:07.055779 [info]: got 1 http line: Content-Type: application/x-www-form-urlencoded
2020-06-24 16:07:07.056682 [info]: oop!unknow header: Content-Type: application/x-www-form-urlencoded
2020-06-24 16:07:07.057312 [info]: got 1 http line: User-Agent: Mozilla/5.0 (Windows NT 10.0; Win64; x64) AppleWebKit/537.36 (KHTML, like Gecko) Chrome/83.0.4103.97 Safari/537.36
2020-06-24 16:07:07.058049 [info]: oop!unknow header: User-Agent: Mozilla/5.0 (Windows NT 10.0; Win64; x64) AppleWebKit/537.36 (KHTML, like Gecko) Chrome/83.0.4103.97 Safari/537.36
2020-06-24 16:07:07.058574 [info]: got 1 http line: Accept: text/html,application/xhtml+xml,application/xml;q=0.9,image/webp,image/apng,*/*;q=0.8,application/signed-exchange;v=b3;q=0.9
2020-06-24 16:07:07.058836 [info]: oop!unknow header: Accept: text/html,application/xhtml+xml,application/xml;q=0.9,image/webp,image/apng,*/*;q=0.8,application/signed-exchange;v=b3;q=0.9
2020-06-24 16:07:07.059119 [info]: got 1 http line: Sec-Fetch-Site: same-origin
2020-06-24 16:07:07.059891 [info]: oop!unknow header: Sec-Fetch-Site: same-origin
2020-06-24 16:07:07.060295 [info]: got 1 http line: Sec-Fetch-Mode: navigate
2020-06-24 16:07:07.060570 [info]: oop!unknow header: Sec-Fetch-Mode: navigate
2020-06-24 16:07:07.060815 [info]: got 1 http line: Sec-Fetch-User: ?1
2020-06-24 16:07:07.061073 [info]: oop!unknow header: Sec-Fetch-User: ?1
2020-06-24 16:07:07.061301 [info]: got 1 http line: Sec-Fetch-Dest: document
2020-06-24 16:07:07.061529 [info]: oop!unknow header: Sec-Fetch-Dest: document
2020-06-24 16:07:07.061806 [info]: got 1 http line: Referer: http://localhost:9007/
2020-06-24 16:07:07.062065 [info]: oop!unknow header: Referer: http://localhost:9007/
2020-06-24 16:07:07.062292 [info]: got 1 http line: Accept-Encoding: gzip, deflate, br
2020-06-24 16:07:07.062514 [info]: oop!unknow header: Accept-Encoding: gzip, deflate, br
2020-06-24 16:07:07.062743 [info]: got 1 http line: Accept-Language: zh-CN,zh;q=0.9
2020-06-24 16:07:07.063000 [info]: oop!unknow header: Accept-Language: zh-CN,zh;q=0.9
2020-06-24 16:07:07.063276 [info]: got 1 http line: 
2020-06-24 16:07:07.063700 [info]: request:HTTP/1.1 200 OK

2020-06-24 16:07:07.063919 [info]: request:HTTP/1.1 200 OK
Content-Length: 724

2020-06-24 16:07:07.064208 [info]: request:HTTP/1.1 200 OK
Content-Length: 724
Connection: keep-alive

2020-06-24 16:07:07.064450 [info]: request:HTTP/1.1 200 OK
Content-Length: 724
Connection: keep-alive


2020-06-24 16:07:07.065062 [info]: send data to the client(127.0.0.1)
2020-06-24 16:07:07.065532 [info]: adjust time once
2020-06-24 16:07:20.642141 [info]: close fd 17
2020-06-24 16:07:20.642543 [info]: close fd 18
2020-06-24 16:07:22.525627 [info]: deal with the client(127.0.0.1)
2020-06-24 16:07:22.526667 [info]: adjust time once
2020-06-24 16:07:22.528090 [info]: got 1 http line: POST /3CGISQL.cgi HTTP/1.1
2020-06-24 16:07:22.528935 [info]: got 1 http line: Host: localhost:9007
2020-06-24 16:07:22.530631 [info]: got 1 http line: Connection: keep-alive
2020-06-24 16:07:22.531277 [info]: got 1 http line: Content-Length: 29
2020-06-24 16:07:22.531981 [info]: got 1 http line: Cache-Control: max-age=0
2020-06-24 16:07:22.532394 [info]: oop!unknow header: Cache-Control: max-age=0
2020-06-24 16:07:22.532707 [info]: got 1 http line: Upgrade-Insecure-Requests: 1
2020-06-24 16:07:22.532993 [info]: oop!unknow header: Upgrade-Insecure-Requests: 1
2020-06-24 16:07:22.533553 [info]: got 1 http line: Origin: http://localhost:9007
2020-06-24 16:07:22.533935 [info]: oop!unknow header: Origin: http://localhost:9007
2020-06-24 16:07:22.534436 [info]: got 1 http line: Content-Type: application/x-www-form-urlencoded
2020-06-24 16:07:22.535037 [info]: oop!unknow header: Content-Type: application/x-www-form-urlencoded
2020-06-24 16:07:22.535913 [info]: got 1 http line: User-Agent: Mozilla/5.0 (Windows NT 10.0; Win64; x64) AppleWebKit/537.36 (KHTML, like Gecko) Chrome/83.0.4103.97 Safari/537.36
2020-06-24 16:07:22.536269 [info]: oop!unknow header: User-Agent: Mozilla/5.0 (Windows NT 10.0; Win64; x64) AppleWebKit/537.36 (KHTML, like Gecko) Chrome/83.0.4103.97 Safari/537.36
2020-06-24 16:07:22.538861 [info]: got 1 http line: Accept: text/html,application/xhtml+xml,application/xml;q=0.9,image/webp,image/apng,*/*;q=0.8,application/signed-exchange;v=b3;q=0.9
2020-06-24 16:07:22.539535 [info]: oop!unknow header: Accept: text/html,application/xhtml+xml,application/xml;q=0.9,image/webp,image/apng,*/*;q=0.8,application/signed-exchange;v=b3;q=0.9
2020-06-24 16:07:22.539981 [info]: got 1 http line: Sec-Fetch-Site: same-origin
2020-06-24 16:07:22.540513 [info]: oop!unknow header: Sec-Fetch-Site: same-origin
2020-06-24 16:07:22.540755 [info]: got 1 http line: Sec-Fetch-Mode: navigate
2020-06-24 16:07:22.540937 [info]: oop!unknow header: Sec-Fetch-Mode: navigate
2020-06-24 16:07:22.541111 [info]: got 1 http line: Sec-Fetch-User: ?1
2020-06-24 16:07:22.541370 [info]: oop!unknow header: Sec-Fetch-User: ?1
2020-06-24 16:07:22.541545 [info]: got 1 http line: Sec-Fetch-Dest: document
2020-06-24 16:07:22.541719 [info]: oop!unknow header: Sec-Fetch-Dest: document
2020-06-24 16:07:22.541895 [info]: got 1 http line: Referer: http://localhost:9007/0
2020-06-24 16:07:22.542070 [info]: oop!unknow header: Referer: http://localhost:9007/0
2020-06-24 16:07:22.542336 [info]: got 1 http line: Accept-Encoding: gzip, deflate, br
2020-06-24 16:07:22.542738 [info]: oop!unknow header: Accept-Encoding: gzip, deflate, br
2020-06-24 16:07:22.542951 [info]: got 1 http line: Accept-Language: zh-CN,zh;q=0.9
2020-06-24 16:07:22.543156 [info]: oop!unknow header: Accept-Language: zh-CN,zh;q=0.9
2020-06-24 16:07:22.543395 [info]: got 1 http line: 
2020-06-24 16:07:22.543584 [info]: got 1 http line: user=test624&password=test624
2020-06-24 16:09:49.026243 [info]: deal with the client(127.0.0.1)
2020-06-24 16:09:49.026571 [info]: adjust time once
2020-06-24 16:09:49.026656 [info]: got 1 http line: GET / HTTP/1.1
2020-06-24 16:09:49.027163 [info]: got 1 http line: Host: localhost:9007
2020-06-24 16:09:49.027404 [info]: got 1 http line: Connection: keep-alive
2020-06-24 16:09:49.027630 [info]: got 1 http line: Upgrade-Insecure-Requests: 1
2020-06-24 16:09:49.027887 [info]: oop!unknow header: Upgrade-Insecure-Requests: 1
2020-06-24 16:09:49.028171 [info]: got 1 http line: User-Agent: Mozilla/5.0 (Windows NT 10.0; Win64; x64) AppleWebKit/537.36 (KHTML, like Gecko) Chrome/83.0.4103.97 Safari/537.36
2020-06-24 16:09:49.028467 [info]: oop!unknow header: User-Agent: Mozilla/5.0 (Windows NT 10.0; Win64; x64) AppleWebKit/537.36 (KHTML, like Gecko) Chrome/83.0.4103.97 Safari/537.36
2020-06-24 16:09:49.028743 [info]: got 1 http line: Accept: text/html,application/xhtml+xml,application/xml;q=0.9,image/webp,image/apng,*/*;q=0.8,application/signed-exchange;v=b3;q=0.9
2020-06-24 16:09:49.028975 [info]: oop!unknow header: Accept: text/html,application/xhtml+xml,application/xml;q=0.9,image/webp,image/apng,*/*;q=0.8,application/signed-exchange;v=b3;q=0.9
2020-06-24 16:09:49.029254 [info]: got 1 http line: Purpose: prefetch
2020-06-24 16:09:49.029502 [info]: oop!unknow header: Purpose: prefetch
2020-06-24 16:09:49.029709 [info]: got 1 http line: Sec-Fetch-Site: none
2020-06-24 16:09:49.029927 [info]: oop!unknow header: Sec-Fetch-Site: none
2020-06-24 16:09:49.030134 [info]: got 1 http line: Sec-Fetch-Mode: navigate
2020-06-24 16:09:49.030340 [info]: oop!unknow header: Sec-Fetch-Mode: navigate
2020-06-24 16:09:49.030567 [info]: got 1 http line: Sec-Fetch-User: ?1
2020-06-24 16:09:49.030786 [info]: oop!unknow header: Sec-Fetch-User: ?1
2020-06-24 16:09:49.031030 [info]: got 1 http line: Sec-Fetch-Dest: document
2020-06-24 16:09:49.031254 [info]: oop!unknow header: Sec-Fetch-Dest: document
2020-06-24 16:09:49.031520 [info]: got 1 http line: Accept-Encoding: gzip, deflate, br
2020-06-24 16:09:49.031746 [info]: oop!unknow header: Accept-Encoding: gzip, deflate, br
2020-06-24 16:09:49.031984 [info]: got 1 http line: Accept-Language: zh-CN,zh;q=0.9
2020-06-24 16:09:49.032203 [info]: oop!unknow header: Accept-Language: zh-CN,zh;q=0.9
2020-06-24 16:09:49.032442 [info]: got 1 http line: 
2020-06-24 16:09:49.032877 [info]: request:HTTP/1.1 200 OK

2020-06-24 16:09:49.033165 [info]: request:HTTP/1.1 200 OK
Content-Length: 586

2020-06-24 16:09:49.033390 [info]: request:HTTP/1.1 200 OK
Content-Length: 586
Connection: keep-alive

2020-06-24 16:09:49.033625 [info]: request:HTTP/1.1 200 OK
Content-Length: 586
Connection: keep-alive


2020-06-24 16:09:49.034104 [info]: send data to the client(127.0.0.1)
2020-06-24 16:09:49.034397 [info]: adjust time once
2020-06-24 16:09:50.605078 [info]: deal with the client(127.0.0.1)
2020-06-24 16:09:50.605435 [info]: adjust time once
2020-06-24 16:09:50.605733 [info]: got 1 http line: POST /0 HTTP/1.1
2020-06-24 16:09:50.605999 [info]: got 1 http line: Host: localhost:9007
2020-06-24 16:09:50.606553 [info]: got 1 http line: Connection: keep-alive
2020-06-24 16:09:50.608203 [info]: got 1 http line: Content-Length: 0
2020-06-24 16:09:50.608484 [info]: got 1 http line: Cache-Control: max-age=0
2020-06-24 16:09:50.608736 [info]: oop!unknow header: Cache-Control: max-age=0
2020-06-24 16:09:50.608906 [info]: got 1 http line: Upgrade-Insecure-Requests: 1
2020-06-24 16:09:50.609098 [info]: oop!unknow header: Upgrade-Insecure-Requests: 1
2020-06-24 16:09:50.609269 [info]: got 1 http line: Origin: http://localhost:9007
2020-06-24 16:09:50.609469 [info]: oop!unknow header: Origin: http://localhost:9007
2020-06-24 16:09:50.610102 [info]: got 1 http line: Content-Type: application/x-www-form-urlencoded
2020-06-24 16:09:50.610385 [info]: oop!unknow header: Content-Type: application/x-www-form-urlencoded
2020-06-24 16:09:50.610596 [info]: got 1 http line: User-Agent: Mozilla/5.0 (Windows NT 10.0; Win64; x64) AppleWebKit/537.36 (KHTML, like Gecko) Chrome/83.0.4103.97 Safari/537.36
2020-06-24 16:09:50.610932 [info]: oop!unknow header: User-Agent: Mozilla/5.0 (Windows NT 10.0; Win64; x64) AppleWebKit/537.36 (KHTML, like Gecko) Chrome/83.0.4103.97 Safari/537.36
2020-06-24 16:09:50.611386 [info]: got 1 http line: Accept: text/html,application/xhtml+xml,application/xml;q=0.9,image/webp,image/apng,*/*;q=0.8,application/signed-exchange;v=b3;q=0.9
2020-06-24 16:09:50.611764 [info]: oop!unknow header: Accept: text/html,application/xhtml+xml,application/xml;q=0.9,image/webp,image/apng,*/*;q=0.8,application/signed-exchange;v=b3;q=0.9
2020-06-24 16:09:50.611982 [info]: got 1 http line: Sec-Fetch-Site: same-origin
2020-06-24 16:09:50.612176 [info]: oop!unknow header: Sec-Fetch-Site: same-origin
2020-06-24 16:09:50.612369 [info]: got 1 http line: Sec-Fetch-Mode: navigate
2020-06-24 16:09:50.616155 [info]: oop!unknow header: Sec-Fetch-Mode: navigate
2020-06-24 16:09:50.616784 [info]: got 1 http line: Sec-Fetch-User: ?1
2020-06-24 16:09:50.617033 [info]: oop!unknow header: Sec-Fetch-User: ?1
2020-06-24 16:09:50.617237 [info]: got 1 http line: Sec-Fetch-Dest: document
2020-06-24 16:09:50.617439 [info]: oop!unknow header: Sec-Fetch-Dest: document
2020-06-24 16:09:50.618803 [info]: got 1 http line: Referer: http://localhost:9007/
2020-06-24 16:09:50.619507 [info]: oop!unknow header: Referer: http://localhost:9007/
2020-06-24 16:09:50.620055 [info]: got 1 http line: Accept-Encoding: gzip, deflate, br
2020-06-24 16:09:50.621160 [info]: oop!unknow header: Accept-Encoding: gzip, deflate, br
2020-06-24 16:09:50.621496 [info]: got 1 http line: Accept-Language: zh-CN,zh;q=0.9
2020-06-24 16:09:50.621900 [info]: oop!unknow header: Accept-Language: zh-CN,zh;q=0.9
2020-06-24 16:09:50.622234 [info]: got 1 http line: 
2020-06-24 16:09:50.623315 [info]: request:HTTP/1.1 200 OK

2020-06-24 16:09:50.623660 [info]: request:HTTP/1.1 200 OK
Content-Length: 724

2020-06-24 16:09:50.623897 [info]: request:HTTP/1.1 200 OK
Content-Length: 724
Connection: keep-alive

2020-06-24 16:09:50.624119 [info]: request:HTTP/1.1 200 OK
Content-Length: 724
Connection: keep-alive


2020-06-24 16:09:50.624575 [info]: send data to the client(127.0.0.1)
2020-06-24 16:09:50.624861 [info]: adjust time once
2020-06-24 16:10:04.148948 [info]: deal with the client(127.0.0.1)
2020-06-24 16:10:04.150171 [info]: adjust time once
2020-06-24 16:10:04.150877 [info]: got 1 http line: POST /3CGISQL.cgi HTTP/1.1
2020-06-24 16:10:04.151976 [info]: got 1 http line: Host: localhost:9007
2020-06-24 16:10:04.152469 [info]: got 1 http line: Connection: keep-alive
2020-06-24 16:10:04.152768 [info]: got 1 http line: Content-Length: 29
2020-06-24 16:10:04.153261 [info]: got 1 http line: Cache-Control: max-age=0
2020-06-24 16:10:04.153570 [info]: oop!unknow header: Cache-Control: max-age=0
2020-06-24 16:10:04.153782 [info]: got 1 http line: Upgrade-Insecure-Requests: 1
2020-06-24 16:10:04.153982 [info]: oop!unknow header: Upgrade-Insecure-Requests: 1
2020-06-24 16:10:04.154180 [info]: got 1 http line: Origin: http://localhost:9007
2020-06-24 16:10:04.154389 [info]: oop!unknow header: Origin: http://localhost:9007
2020-06-24 16:10:04.154570 [info]: got 1 http line: Content-Type: application/x-www-form-urlencoded
2020-06-24 16:10:04.154751 [info]: oop!unknow header: Content-Type: application/x-www-form-urlencoded
2020-06-24 16:10:04.154928 [info]: got 1 http line: User-Agent: Mozilla/5.0 (Windows NT 10.0; Win64; x64) AppleWebKit/537.36 (KHTML, like Gecko) Chrome/83.0.4103.97 Safari/537.36
2020-06-24 16:10:04.155145 [info]: oop!unknow header: User-Agent: Mozilla/5.0 (Windows NT 10.0; Win64; x64) AppleWebKit/537.36 (KHTML, like Gecko) Chrome/83.0.4103.97 Safari/537.36
2020-06-24 16:10:04.155388 [info]: got 1 http line: Accept: text/html,application/xhtml+xml,application/xml;q=0.9,image/webp,image/apng,*/*;q=0.8,application/signed-exchange;v=b3;q=0.9
2020-06-24 16:10:04.155570 [info]: oop!unknow header: Accept: text/html,application/xhtml+xml,application/xml;q=0.9,image/webp,image/apng,*/*;q=0.8,application/signed-exchange;v=b3;q=0.9
2020-06-24 16:10:04.155759 [info]: got 1 http line: Sec-Fetch-Site: same-origin
2020-06-24 16:10:04.155941 [info]: oop!unknow header: Sec-Fetch-Site: same-origin
2020-06-24 16:10:04.156125 [info]: got 1 http line: Sec-Fetch-Mode: navigate
2020-06-24 16:10:04.156301 [info]: oop!unknow header: Sec-Fetch-Mode: navigate
2020-06-24 16:10:04.156510 [info]: got 1 http line: Sec-Fetch-User: ?1
2020-06-24 16:10:04.156766 [info]: oop!unknow header: Sec-Fetch-User: ?1
2020-06-24 16:10:04.156959 [info]: got 1 http line: Sec-Fetch-Dest: document
2020-06-24 16:10:04.157104 [info]: oop!unknow header: Sec-Fetch-Dest: document
2020-06-24 16:10:04.157244 [info]: got 1 http line: Referer: http://localhost:9007/0
2020-06-24 16:10:04.157469 [info]: oop!unknow header: Referer: http://localhost:9007/0
2020-06-24 16:10:04.157668 [info]: got 1 http line: Accept-Encoding: gzip, deflate, br
2020-06-24 16:10:04.157867 [info]: oop!unknow header: Accept-Encoding: gzip, deflate, br
2020-06-24 16:10:04.158020 [info]: got 1 http line: Accept-Language: zh-CN,zh;q=0.9
2020-06-24 16:10:04.158153 [info]: oop!unknow header: Accept-Language: zh-CN,zh;q=0.9
2020-06-24 16:10:04.158367 [info]: got 1 http line: 
2020-06-24 16:10:04.158569 [info]: got 1 http line: user=test624&password=test624
2020-06-24 16:11:52.587537 [info]: deal with the client(127.0.0.1)
2020-06-24 16:11:52.588353 [info]: adjust time once
2020-06-24 16:11:52.588652 [info]: got 1 http line: GET / HTTP/1.1
2020-06-24 16:11:52.589680 [info]: got 1 http line: Host: localhost:9007
2020-06-24 16:11:52.590118 [info]: got 1 http line: Connection: keep-alive
2020-06-24 16:11:52.590376 [info]: got 1 http line: Upgrade-Insecure-Requests: 1
2020-06-24 16:11:52.590620 [info]: oop!unknow header: Upgrade-Insecure-Requests: 1
2020-06-24 16:11:52.590894 [info]: got 1 http line: User-Agent: Mozilla/5.0 (Windows NT 10.0; Win64; x64) AppleWebKit/537.36 (KHTML, like Gecko) Chrome/83.0.4103.97 Safari/537.36
2020-06-24 16:11:52.591150 [info]: oop!unknow header: User-Agent: Mozilla/5.0 (Windows NT 10.0; Win64; x64) AppleWebKit/537.36 (KHTML, like Gecko) Chrome/83.0.4103.97 Safari/537.36
2020-06-24 16:11:52.591380 [info]: got 1 http line: Accept: text/html,application/xhtml+xml,application/xml;q=0.9,image/webp,image/apng,*/*;q=0.8,application/signed-exchange;v=b3;q=0.9
2020-06-24 16:11:52.591598 [info]: oop!unknow header: Accept: text/html,application/xhtml+xml,application/xml;q=0.9,image/webp,image/apng,*/*;q=0.8,application/signed-exchange;v=b3;q=0.9
2020-06-24 16:11:52.591858 [info]: got 1 http line: Purpose: prefetch
2020-06-24 16:11:52.592087 [info]: oop!unknow header: Purpose: prefetch
2020-06-24 16:11:52.592375 [info]: got 1 http line: Sec-Fetch-Site: none
2020-06-24 16:11:52.592619 [info]: oop!unknow header: Sec-Fetch-Site: none
2020-06-24 16:11:52.592905 [info]: got 1 http line: Sec-Fetch-Mode: navigate
2020-06-24 16:11:52.593385 [info]: oop!unknow header: Sec-Fetch-Mode: navigate
2020-06-24 16:11:52.593656 [info]: got 1 http line: Sec-Fetch-User: ?1
2020-06-24 16:11:52.594013 [info]: oop!unknow header: Sec-Fetch-User: ?1
2020-06-24 16:11:52.594238 [info]: got 1 http line: Sec-Fetch-Dest: document
2020-06-24 16:11:52.594452 [info]: oop!unknow header: Sec-Fetch-Dest: document
2020-06-24 16:11:52.594663 [info]: got 1 http line: Accept-Encoding: gzip, deflate, br
2020-06-24 16:11:52.594918 [info]: oop!unknow header: Accept-Encoding: gzip, deflate, br
2020-06-24 16:11:52.595208 [info]: got 1 http line: Accept-Language: zh-CN,zh;q=0.9
2020-06-24 16:11:52.595469 [info]: oop!unknow header: Accept-Language: zh-CN,zh;q=0.9
2020-06-24 16:11:52.595697 [info]: got 1 http line: 
2020-06-24 16:11:52.596149 [info]: request:HTTP/1.1 200 OK

2020-06-24 16:11:52.596402 [info]: request:HTTP/1.1 200 OK
Content-Length: 586

2020-06-24 16:11:52.596613 [info]: request:HTTP/1.1 200 OK
Content-Length: 586
Connection: keep-alive

2020-06-24 16:11:52.596868 [info]: request:HTTP/1.1 200 OK
Content-Length: 586
Connection: keep-alive


2020-06-24 16:11:52.598215 [info]: send data to the client(127.0.0.1)
2020-06-24 16:11:52.598588 [info]: adjust time once
2020-06-24 16:11:54.327290 [info]: deal with the client(127.0.0.1)
2020-06-24 16:11:54.327794 [info]: adjust time once
2020-06-24 16:11:54.333061 [info]: got 1 http line: POST /0 HTTP/1.1
2020-06-24 16:11:54.333606 [info]: got 1 http line: Host: localhost:9007
2020-06-24 16:11:54.333876 [info]: got 1 http line: Connection: keep-alive
2020-06-24 16:11:54.334104 [info]: got 1 http line: Content-Length: 0
2020-06-24 16:11:54.334344 [info]: got 1 http line: Cache-Control: max-age=0
2020-06-24 16:11:54.334592 [info]: oop!unknow header: Cache-Control: max-age=0
2020-06-24 16:11:54.334918 [info]: got 1 http line: Upgrade-Insecure-Requests: 1
2020-06-24 16:11:54.335117 [info]: oop!unknow header: Upgrade-Insecure-Requests: 1
2020-06-24 16:11:54.335301 [info]: got 1 http line: Origin: http://localhost:9007
2020-06-24 16:11:54.335567 [info]: oop!unknow header: Origin: http://localhost:9007
2020-06-24 16:11:54.335762 [info]: got 1 http line: Content-Type: application/x-www-form-urlencoded
2020-06-24 16:11:54.335947 [info]: oop!unknow header: Content-Type: application/x-www-form-urlencoded
2020-06-24 16:11:54.336126 [info]: got 1 http line: User-Agent: Mozilla/5.0 (Windows NT 10.0; Win64; x64) AppleWebKit/537.36 (KHTML, like Gecko) Chrome/83.0.4103.97 Safari/537.36
2020-06-24 16:11:54.336299 [info]: oop!unknow header: User-Agent: Mozilla/5.0 (Windows NT 10.0; Win64; x64) AppleWebKit/537.36 (KHTML, like Gecko) Chrome/83.0.4103.97 Safari/537.36
2020-06-24 16:11:54.336537 [info]: got 1 http line: Accept: text/html,application/xhtml+xml,application/xml;q=0.9,image/webp,image/apng,*/*;q=0.8,application/signed-exchange;v=b3;q=0.9
2020-06-24 16:11:54.336671 [info]: oop!unknow header: Accept: text/html,application/xhtml+xml,application/xml;q=0.9,image/webp,image/apng,*/*;q=0.8,application/signed-exchange;v=b3;q=0.9
2020-06-24 16:11:54.336830 [info]: got 1 http line: Sec-Fetch-Site: same-origin
2020-06-24 16:11:54.336993 [info]: oop!unknow header: Sec-Fetch-Site: same-origin
2020-06-24 16:11:54.337236 [info]: got 1 http line: Sec-Fetch-Mode: navigate
2020-06-24 16:11:54.337513 [info]: oop!unknow header: Sec-Fetch-Mode: navigate
2020-06-24 16:11:54.337677 [info]: got 1 http line: Sec-Fetch-User: ?1
2020-06-24 16:11:54.337868 [info]: oop!unknow header: Sec-Fetch-User: ?1
2020-06-24 16:11:54.338087 [info]: got 1 http line: Sec-Fetch-Dest: document
2020-06-24 16:11:54.338280 [info]: oop!unknow header: Sec-Fetch-Dest: document
2020-06-24 16:11:54.338536 [info]: got 1 http line: Referer: http://localhost:9007/
2020-06-24 16:11:54.338733 [info]: oop!unknow header: Referer: http://localhost:9007/
2020-06-24 16:11:54.339258 [info]: got 1 http line: Accept-Encoding: gzip, deflate, br
2020-06-24 16:11:54.339469 [info]: oop!unknow header: Accept-Encoding: gzip, deflate, br
2020-06-24 16:11:54.339655 [info]: got 1 http line: Accept-Language: zh-CN,zh;q=0.9
2020-06-24 16:11:54.339782 [info]: oop!unknow header: Accept-Language: zh-CN,zh;q=0.9
2020-06-24 16:11:54.339920 [info]: got 1 http line: 
2020-06-24 16:11:54.340269 [info]: request:HTTP/1.1 200 OK

2020-06-24 16:11:54.340504 [info]: request:HTTP/1.1 200 OK
Content-Length: 724

2020-06-24 16:11:54.340644 [info]: request:HTTP/1.1 200 OK
Content-Length: 724
Connection: keep-alive

2020-06-24 16:11:54.340913 [info]: request:HTTP/1.1 200 OK
Content-Length: 724
Connection: keep-alive


2020-06-24 16:11:54.341279 [info]: send data to the client(127.0.0.1)
2020-06-24 16:11:54.341551 [info]: adjust time once
2020-06-24 16:12:00.252359 [info]: deal with the client(127.0.0.1)
2020-06-24 16:12:00.253217 [info]: adjust time once
2020-06-24 16:12:00.253949 [info]: got 1 http line: POST /3CGISQL.cgi HTTP/1.1
2020-06-24 16:12:00.254406 [info]: got 1 http line: Host: localhost:9007
2020-06-24 16:12:00.256724 [info]: got 1 http line: Connection: keep-alive
2020-06-24 16:12:00.257127 [info]: got 1 http line: Content-Length: 29
2020-06-24 16:12:00.257632 [info]: got 1 http line: Cache-Control: max-age=0
2020-06-24 16:12:00.257914 [info]: oop!unknow header: Cache-Control: max-age=0
2020-06-24 16:12:00.258299 [info]: got 1 http line: Upgrade-Insecure-Requests: 1
2020-06-24 16:12:00.259335 [info]: oop!unknow header: Upgrade-Insecure-Requests: 1
2020-06-24 16:12:00.259687 [info]: got 1 http line: Origin: http://localhost:9007
2020-06-24 16:12:00.259871 [info]: oop!unknow header: Origin: http://localhost:9007
2020-06-24 16:12:00.260049 [info]: got 1 http line: Content-Type: application/x-www-form-urlencoded
2020-06-24 16:12:00.260250 [info]: oop!unknow header: Content-Type: application/x-www-form-urlencoded
2020-06-24 16:12:00.260474 [info]: got 1 http line: User-Agent: Mozilla/5.0 (Windows NT 10.0; Win64; x64) AppleWebKit/537.36 (KHTML, like Gecko) Chrome/83.0.4103.97 Safari/537.36
2020-06-24 16:12:00.260693 [info]: oop!unknow header: User-Agent: Mozilla/5.0 (Windows NT 10.0; Win64; x64) AppleWebKit/537.36 (KHTML, like Gecko) Chrome/83.0.4103.97 Safari/537.36
2020-06-24 16:12:00.260883 [info]: got 1 http line: Accept: text/html,application/xhtml+xml,application/xml;q=0.9,image/webp,image/apng,*/*;q=0.8,application/signed-exchange;v=b3;q=0.9
2020-06-24 16:12:00.261042 [info]: oop!unknow header: Accept: text/html,application/xhtml+xml,application/xml;q=0.9,image/webp,image/apng,*/*;q=0.8,application/signed-exchange;v=b3;q=0.9
2020-06-24 16:12:00.261175 [info]: got 1 http line: Sec-Fetch-Site: same-origin
2020-06-24 16:12:00.261457 [info]: oop!unknow header: Sec-Fetch-Site: same-origin
2020-06-24 16:12:00.261782 [info]: got 1 http line: Sec-Fetch-Mode: navigate
2020-06-24 16:12:00.261969 [info]: oop!unknow header: Sec-Fetch-Mode: navigate
2020-06-24 16:12:00.262141 [info]: got 1 http line: Sec-Fetch-User: ?1
2020-06-24 16:12:00.262309 [info]: oop!unknow header: Sec-Fetch-User: ?1
2020-06-24 16:12:00.262519 [info]: got 1 http line: Sec-Fetch-Dest: document
2020-06-24 16:12:00.262717 [info]: oop!unknow header: Sec-Fetch-Dest: document
2020-06-24 16:12:00.263016 [info]: got 1 http line: Referer: http://localhost:9007/0
2020-06-24 16:12:00.263350 [info]: oop!unknow header: Referer: http://localhost:9007/0
2020-06-24 16:12:00.263606 [info]: got 1 http line: Accept-Encoding: gzip, deflate, br
2020-06-24 16:12:00.263786 [info]: oop!unknow header: Accept-Encoding: gzip, deflate, br
2020-06-24 16:12:00.263966 [info]: got 1 http line: Accept-Language: zh-CN,zh;q=0.9
2020-06-24 16:12:00.264185 [info]: oop!unknow header: Accept-Language: zh-CN,zh;q=0.9
2020-06-24 16:12:00.264365 [info]: got 1 http line: 
2020-06-24 16:12:00.264556 [info]: got 1 http line: user=test624&password=test624
2020-06-24 16:36:51.425987 [info]: deal with the client(127.0.0.1)
2020-06-24 16:36:51.426409 [info]: adjust time once
2020-06-24 16:36:51.426551 [info]: got 1 http line: GET / HTTP/1.1
2020-06-24 16:36:51.426927 [info]: got 1 http line: Host: localhost:9007
2020-06-24 16:36:51.427186 [info]: got 1 http line: Connection: keep-alive
2020-06-24 16:36:51.427366 [info]: got 1 http line: Upgrade-Insecure-Requests: 1
2020-06-24 16:36:51.427581 [info]: oop!unknow header: Upgrade-Insecure-Requests: 1
2020-06-24 16:36:51.427766 [info]: got 1 http line: User-Agent: Mozilla/5.0 (Windows NT 10.0; Win64; x64) AppleWebKit/537.36 (KHTML, like Gecko) Chrome/83.0.4103.97 Safari/537.36
2020-06-24 16:36:51.427924 [info]: oop!unknow header: User-Agent: Mozilla/5.0 (Windows NT 10.0; Win64; x64) AppleWebKit/537.36 (KHTML, like Gecko) Chrome/83.0.4103.97 Safari/537.36
2020-06-24 16:36:51.428089 [info]: got 1 http line: Accept: text/html,application/xhtml+xml,application/xml;q=0.9,image/webp,image/apng,*/*;q=0.8,application/signed-exchange;v=b3;q=0.9
2020-06-24 16:36:51.428344 [info]: oop!unknow header: Accept: text/html,application/xhtml+xml,application/xml;q=0.9,image/webp,image/apng,*/*;q=0.8,application/signed-exchange;v=b3;q=0.9
2020-06-24 16:36:51.428545 [info]: got 1 http line: Purpose: prefetch
2020-06-24 16:36:51.428698 [info]: oop!unknow header: Purpose: prefetch
2020-06-24 16:36:51.428860 [info]: got 1 http line: Sec-Fetch-Site: none
2020-06-24 16:36:51.429043 [info]: oop!unknow header: Sec-Fetch-Site: none
2020-06-24 16:36:51.429303 [info]: got 1 http line: Sec-Fetch-Mode: navigate
2020-06-24 16:36:51.429681 [info]: oop!unknow header: Sec-Fetch-Mode: navigate
2020-06-24 16:36:51.430093 [info]: got 1 http line: Sec-Fetch-User: ?1
2020-06-24 16:36:51.430407 [info]: oop!unknow header: Sec-Fetch-User: ?1
2020-06-24 16:36:51.430674 [info]: got 1 http line: Sec-Fetch-Dest: document
2020-06-24 16:36:51.430905 [info]: oop!unknow header: Sec-Fetch-Dest: document
2020-06-24 16:36:51.431131 [info]: got 1 http line: Accept-Encoding: gzip, deflate, br
2020-06-24 16:36:51.431378 [info]: oop!unknow header: Accept-Encoding: gzip, deflate, br
2020-06-24 16:36:51.431655 [info]: got 1 http line: Accept-Language: zh-CN,zh;q=0.9
2020-06-24 16:36:51.431887 [info]: oop!unknow header: Accept-Language: zh-CN,zh;q=0.9
2020-06-24 16:36:51.432112 [info]: got 1 http line: 
2020-06-24 16:36:51.432503 [info]: request:HTTP/1.1 200 OK

2020-06-24 16:36:51.432789 [info]: request:HTTP/1.1 200 OK
Content-Length: 586

2020-06-24 16:36:51.433023 [info]: request:HTTP/1.1 200 OK
Content-Length: 586
Connection: keep-alive

2020-06-24 16:36:51.433249 [info]: request:HTTP/1.1 200 OK
Content-Length: 586
Connection: keep-alive


2020-06-24 16:36:51.433729 [info]: send data to the client(127.0.0.1)
2020-06-24 16:36:51.434027 [info]: adjust time once
2020-06-24 16:36:52.961613 [info]: deal with the client(127.0.0.1)
2020-06-24 16:36:52.962095 [info]: adjust time once
2020-06-24 16:36:52.962174 [info]: got 1 http line: POST /0 HTTP/1.1
2020-06-24 16:36:52.963639 [info]: got 1 http line: Host: localhost:9007
2020-06-24 16:36:52.964153 [info]: got 1 http line: Connection: keep-alive
2020-06-24 16:36:52.964558 [info]: got 1 http line: Content-Length: 0
2020-06-24 16:36:52.965025 [info]: got 1 http line: Cache-Control: max-age=0
2020-06-24 16:36:52.965611 [info]: oop!unknow header: Cache-Control: max-age=0
2020-06-24 16:36:52.965974 [info]: got 1 http line: Upgrade-Insecure-Requests: 1
2020-06-24 16:36:52.966279 [info]: oop!unknow header: Upgrade-Insecure-Requests: 1
2020-06-24 16:36:52.966561 [info]: got 1 http line: Origin: http://localhost:9007
2020-06-24 16:36:52.966793 [info]: oop!unknow header: Origin: http://localhost:9007
2020-06-24 16:36:52.966956 [info]: got 1 http line: Content-Type: application/x-www-form-urlencoded
2020-06-24 16:36:52.967110 [info]: oop!unknow header: Content-Type: application/x-www-form-urlencoded
2020-06-24 16:36:52.967353 [info]: got 1 http line: User-Agent: Mozilla/5.0 (Windows NT 10.0; Win64; x64) AppleWebKit/537.36 (KHTML, like Gecko) Chrome/83.0.4103.97 Safari/537.36
2020-06-24 16:36:52.967606 [info]: oop!unknow header: User-Agent: Mozilla/5.0 (Windows NT 10.0; Win64; x64) AppleWebKit/537.36 (KHTML, like Gecko) Chrome/83.0.4103.97 Safari/537.36
2020-06-24 16:36:52.967823 [info]: got 1 http line: Accept: text/html,application/xhtml+xml,application/xml;q=0.9,image/webp,image/apng,*/*;q=0.8,application/signed-exchange;v=b3;q=0.9
2020-06-24 16:36:52.968354 [info]: oop!unknow header: Accept: text/html,application/xhtml+xml,application/xml;q=0.9,image/webp,image/apng,*/*;q=0.8,application/signed-exchange;v=b3;q=0.9
2020-06-24 16:36:52.969450 [info]: got 1 http line: Sec-Fetch-Site: same-origin
2020-06-24 16:36:52.969781 [info]: oop!unknow header: Sec-Fetch-Site: same-origin
2020-06-24 16:36:52.970116 [info]: got 1 http line: Sec-Fetch-Mode: navigate
2020-06-24 16:36:52.970487 [info]: oop!unknow header: Sec-Fetch-Mode: navigate
2020-06-24 16:36:52.970809 [info]: got 1 http line: Sec-Fetch-User: ?1
2020-06-24 16:36:52.971173 [info]: oop!unknow header: Sec-Fetch-User: ?1
2020-06-24 16:36:52.971413 [info]: got 1 http line: Sec-Fetch-Dest: document
2020-06-24 16:36:52.971613 [info]: oop!unknow header: Sec-Fetch-Dest: document
2020-06-24 16:36:52.971799 [info]: got 1 http line: Referer: http://localhost:9007/
2020-06-24 16:36:52.971984 [info]: oop!unknow header: Referer: http://localhost:9007/
2020-06-24 16:36:52.972170 [info]: got 1 http line: Accept-Encoding: gzip, deflate, br
2020-06-24 16:36:52.972400 [info]: oop!unknow header: Accept-Encoding: gzip, deflate, br
2020-06-24 16:36:52.972604 [info]: got 1 http line: Accept-Language: zh-CN,zh;q=0.9
2020-06-24 16:36:52.972796 [info]: oop!unknow header: Accept-Language: zh-CN,zh;q=0.9
2020-06-24 16:36:52.972986 [info]: got 1 http line: 
2020-06-24 16:36:52.973343 [info]: request:HTTP/1.1 200 OK

2020-06-24 16:36:52.973571 [info]: request:HTTP/1.1 200 OK
Content-Length: 724

2020-06-24 16:36:52.973770 [info]: request:HTTP/1.1 200 OK
Content-Length: 724
Connection: keep-alive

2020-06-24 16:36:52.973959 [info]: request:HTTP/1.1 200 OK
Content-Length: 724
Connection: keep-alive


2020-06-24 16:36:52.974358 [info]: send data to the client(127.0.0.1)
2020-06-24 16:36:52.974648 [info]: adjust time once
2020-06-24 16:36:58.734370 [info]: deal with the client(127.0.0.1)
2020-06-24 16:36:58.734855 [info]: adjust time once
2020-06-24 16:36:58.735566 [info]: got 1 http line: POST /3CGISQL.cgi HTTP/1.1
2020-06-24 16:36:58.736017 [info]: got 1 http line: Host: localhost:9007
2020-06-24 16:36:58.736490 [info]: got 1 http line: Connection: keep-alive
2020-06-24 16:36:58.737104 [info]: got 1 http line: Content-Length: 29
2020-06-24 16:36:58.737702 [info]: got 1 http line: Cache-Control: max-age=0
2020-06-24 16:36:58.738071 [info]: oop!unknow header: Cache-Control: max-age=0
2020-06-24 16:36:58.738422 [info]: got 1 http line: Upgrade-Insecure-Requests: 1
2020-06-24 16:36:58.739231 [info]: oop!unknow header: Upgrade-Insecure-Requests: 1
2020-06-24 16:36:58.739613 [info]: got 1 http line: Origin: http://localhost:9007
2020-06-24 16:36:58.739946 [info]: oop!unknow header: Origin: http://localhost:9007
2020-06-24 16:36:58.740222 [info]: got 1 http line: Content-Type: application/x-www-form-urlencoded
2020-06-24 16:36:58.740478 [info]: oop!unknow header: Content-Type: application/x-www-form-urlencoded
2020-06-24 16:36:58.740721 [info]: got 1 http line: User-Agent: Mozilla/5.0 (Windows NT 10.0; Win64; x64) AppleWebKit/537.36 (KHTML, like Gecko) Chrome/83.0.4103.97 Safari/537.36
2020-06-24 16:36:58.741019 [info]: oop!unknow header: User-Agent: Mozilla/5.0 (Windows NT 10.0; Win64; x64) AppleWebKit/537.36 (KHTML, like Gecko) Chrome/83.0.4103.97 Safari/537.36
2020-06-24 16:36:58.741242 [info]: got 1 http line: Accept: text/html,application/xhtml+xml,application/xml;q=0.9,image/webp,image/apng,*/*;q=0.8,application/signed-exchange;v=b3;q=0.9
2020-06-24 16:36:58.741463 [info]: oop!unknow header: Accept: text/html,application/xhtml+xml,application/xml;q=0.9,image/webp,image/apng,*/*;q=0.8,application/signed-exchange;v=b3;q=0.9
2020-06-24 16:36:58.741673 [info]: got 1 http line: Sec-Fetch-Site: same-origin
2020-06-24 16:36:58.742885 [info]: oop!unknow header: Sec-Fetch-Site: same-origin
2020-06-24 16:36:58.743271 [info]: got 1 http line: Sec-Fetch-Mode: navigate
2020-06-24 16:36:58.743728 [info]: oop!unknow header: Sec-Fetch-Mode: navigate
2020-06-24 16:36:58.744169 [info]: got 1 http line: Sec-Fetch-User: ?1
2020-06-24 16:36:58.744461 [info]: oop!unknow header: Sec-Fetch-User: ?1
2020-06-24 16:36:58.745271 [info]: got 1 http line: Sec-Fetch-Dest: document
2020-06-24 16:36:58.745648 [info]: oop!unknow header: Sec-Fetch-Dest: document
2020-06-24 16:36:58.745996 [info]: got 1 http line: Referer: http://localhost:9007/0
2020-06-24 16:36:58.746247 [info]: oop!unknow header: Referer: http://localhost:9007/0
2020-06-24 16:36:58.746405 [info]: got 1 http line: Accept-Encoding: gzip, deflate, br
2020-06-24 16:36:58.746539 [info]: oop!unknow header: Accept-Encoding: gzip, deflate, br
2020-06-24 16:36:58.746669 [info]: got 1 http line: Accept-Language: zh-CN,zh;q=0.9
2020-06-24 16:36:58.746799 [info]: oop!unknow header: Accept-Language: zh-CN,zh;q=0.9
2020-06-24 16:36:58.747027 [info]: got 1 http line: 
2020-06-24 16:36:58.747243 [info]: got 1 http line: user=test624&password=test624
2020-06-24 16:36:58.785461 [info]: request:HTTP/1.1 200 OK

2020-06-24 16:36:58.785715 [info]: request:HTTP/1.1 200 OK
Content-Length: 725

2020-06-24 16:36:58.785897 [info]: request:HTTP/1.1 200 OK
Content-Length: 725
Connection: keep-alive

2020-06-24 16:36:58.786053 [info]: request:HTTP/1.1 200 OK
Content-Length: 725
Connection: keep-alive


2020-06-24 16:36:58.786489 [info]: send data to the client(127.0.0.1)
2020-06-24 16:36:58.786867 [info]: adjust time once
2020-06-24 16:37:10.404420 [info]: close fd 17
2020-06-24 16:37:10.405156 [info]: close fd 18
2020-06-24 16:37:11.747177 [info]: deal with the client(127.0.0.1)
2020-06-24 16:37:11.747646 [info]: adjust time once
2020-06-24 16:37:11.748362 [info]: got 1 http line: POST /2CGISQL.cgi HTTP/1.1
2020-06-24 16:37:11.748730 [info]: got 1 http line: Host: localhost:9007
2020-06-24 16:37:11.749307 [info]: got 1 http line: Connection: keep-alive
2020-06-24 16:37:11.749821 [info]: got 1 http line: Content-Length: 29
2020-06-24 16:37:11.750614 [info]: got 1 http line: Cache-Control: max-age=0
2020-06-24 16:37:11.751024 [info]: oop!unknow header: Cache-Control: max-age=0
2020-06-24 16:37:11.751708 [info]: got 1 http line: Upgrade-Insecure-Requests: 1
2020-06-24 16:37:11.752117 [info]: oop!unknow header: Upgrade-Insecure-Requests: 1
2020-06-24 16:37:11.752629 [info]: got 1 http line: Origin: http://localhost:9007
2020-06-24 16:37:11.752929 [info]: oop!unknow header: Origin: http://localhost:9007
2020-06-24 16:37:11.753213 [info]: got 1 http line: Content-Type: application/x-www-form-urlencoded
2020-06-24 16:37:11.753694 [info]: oop!unknow header: Content-Type: application/x-www-form-urlencoded
2020-06-24 16:37:11.754142 [info]: got 1 http line: User-Agent: Mozilla/5.0 (Windows NT 10.0; Win64; x64) AppleWebKit/537.36 (KHTML, like Gecko) Chrome/83.0.4103.97 Safari/537.36
2020-06-24 16:37:11.754418 [info]: oop!unknow header: User-Agent: Mozilla/5.0 (Windows NT 10.0; Win64; x64) AppleWebKit/537.36 (KHTML, like Gecko) Chrome/83.0.4103.97 Safari/537.36
2020-06-24 16:37:11.754798 [info]: got 1 http line: Accept: text/html,application/xhtml+xml,application/xml;q=0.9,image/webp,image/apng,*/*;q=0.8,application/signed-exchange;v=b3;q=0.9
2020-06-24 16:37:11.755083 [info]: oop!unknow header: Accept: text/html,application/xhtml+xml,application/xml;q=0.9,image/webp,image/apng,*/*;q=0.8,application/signed-exchange;v=b3;q=0.9
2020-06-24 16:37:11.755411 [info]: got 1 http line: Sec-Fetch-Site: same-origin
2020-06-24 16:37:11.755699 [info]: oop!unknow header: Sec-Fetch-Site: same-origin
2020-06-24 16:37:11.755875 [info]: got 1 http line: Sec-Fetch-Mode: navigate
2020-06-24 16:37:11.756040 [info]: oop!unknow header: Sec-Fetch-Mode: navigate
2020-06-24 16:37:11.756250 [info]: got 1 http line: Sec-Fetch-User: ?1
2020-06-24 16:37:11.756502 [info]: oop!unknow header: Sec-Fetch-User: ?1
2020-06-24 16:37:11.756666 [info]: got 1 http line: Sec-Fetch-Dest: document
2020-06-24 16:37:11.756915 [info]: oop!unknow header: Sec-Fetch-Dest: document
2020-06-24 16:37:11.757150 [info]: got 1 http line: Referer: http://localhost:9007/3CGISQL.cgi
2020-06-24 16:37:11.758085 [info]: oop!unknow header: Referer: http://localhost:9007/3CGISQL.cgi
2020-06-24 16:37:11.759398 [info]: got 1 http line: Accept-Encoding: gzip, deflate, br
2020-06-24 16:37:11.759725 [info]: oop!unknow header: Accept-Encoding: gzip, deflate, br
2020-06-24 16:37:11.759972 [info]: got 1 http line: Accept-Language: zh-CN,zh;q=0.9
2020-06-24 16:37:11.760174 [info]: oop!unknow header: Accept-Language: zh-CN,zh;q=0.9
2020-06-24 16:37:11.760553 [info]: got 1 http line: 
2020-06-24 16:37:11.760835 [info]: got 1 http line: user=test624&password=test624
2020-06-24 16:37:11.768035 [info]: request:HTTP/1.1 200 OK

2020-06-24 16:37:11.768289 [info]: request:HTTP/1.1 200 OK
Content-Length: 723

2020-06-24 16:37:11.768446 [info]: request:HTTP/1.1 200 OK
Content-Length: 723
Connection: keep-alive

2020-06-24 16:37:11.768619 [info]: request:HTTP/1.1 200 OK
Content-Length: 723
Connection: keep-alive


2020-06-24 16:37:11.768985 [info]: send data to the client(127.0.0.1)
2020-06-24 16:37:11.769250 [info]: adjust time once
2020-06-24 16:37:18.455234 [info]: deal with the client(127.0.0.1)
2020-06-24 16:37:18.455979 [info]: adjust time once
2020-06-24 16:37:18.457324 [info]: got 1 http line: POST /5 HTTP/1.1
2020-06-24 16:37:18.457741 [info]: got 1 http line: Host: localhost:9007
2020-06-24 16:37:18.458306 [info]: got 1 http line: Connection: keep-alive
2020-06-24 16:37:18.458734 [info]: got 1 http line: Content-Length: 0
2020-06-24 16:37:18.459047 [info]: got 1 http line: Cache-Control: max-age=0
2020-06-24 16:37:18.459382 [info]: oop!unknow header: Cache-Control: max-age=0
2020-06-24 16:37:18.459712 [info]: got 1 http line: Upgrade-Insecure-Requests: 1
2020-06-24 16:37:18.460176 [info]: oop!unknow header: Upgrade-Insecure-Requests: 1
2020-06-24 16:37:18.461136 [info]: got 1 http line: Origin: http://localhost:9007
2020-06-24 16:37:18.461812 [info]: oop!unknow header: Origin: http://localhost:9007
2020-06-24 16:37:18.462295 [info]: got 1 http line: Content-Type: application/x-www-form-urlencoded
2020-06-24 16:37:18.462937 [info]: oop!unknow header: Content-Type: application/x-www-form-urlencoded
2020-06-24 16:37:18.463331 [info]: got 1 http line: User-Agent: Mozilla/5.0 (Windows NT 10.0; Win64; x64) AppleWebKit/537.36 (KHTML, like Gecko) Chrome/83.0.4103.97 Safari/537.36
2020-06-24 16:37:18.463648 [info]: oop!unknow header: User-Agent: Mozilla/5.0 (Windows NT 10.0; Win64; x64) AppleWebKit/537.36 (KHTML, like Gecko) Chrome/83.0.4103.97 Safari/537.36
2020-06-24 16:37:18.463994 [info]: got 1 http line: Accept: text/html,application/xhtml+xml,application/xml;q=0.9,image/webp,image/apng,*/*;q=0.8,application/signed-exchange;v=b3;q=0.9
2020-06-24 16:37:18.464451 [info]: oop!unknow header: Accept: text/html,application/xhtml+xml,application/xml;q=0.9,image/webp,image/apng,*/*;q=0.8,application/signed-exchange;v=b3;q=0.9
2020-06-24 16:37:18.464969 [info]: got 1 http line: Sec-Fetch-Site: same-origin
2020-06-24 16:37:18.465653 [info]: oop!unknow header: Sec-Fetch-Site: same-origin
2020-06-24 16:37:18.466388 [info]: got 1 http line: Sec-Fetch-Mode: navigate
2020-06-24 16:37:18.466671 [info]: oop!unknow header: Sec-Fetch-Mode: navigate
2020-06-24 16:37:18.467405 [info]: got 1 http line: Sec-Fetch-User: ?1
2020-06-24 16:37:18.468431 [info]: oop!unknow header: Sec-Fetch-User: ?1
2020-06-24 16:37:18.469017 [info]: got 1 http line: Sec-Fetch-Dest: document
2020-06-24 16:37:18.469320 [info]: oop!unknow header: Sec-Fetch-Dest: document
2020-06-24 16:37:18.469597 [info]: got 1 http line: Referer: http://localhost:9007/2CGISQL.cgi
2020-06-24 16:37:18.469850 [info]: oop!unknow header: Referer: http://localhost:9007/2CGISQL.cgi
2020-06-24 16:37:18.470075 [info]: got 1 http line: Accept-Encoding: gzip, deflate, br
2020-06-24 16:37:18.470297 [info]: oop!unknow header: Accept-Encoding: gzip, deflate, br
2020-06-24 16:37:18.470463 [info]: got 1 http line: Accept-Language: zh-CN,zh;q=0.9
2020-06-24 16:37:18.470622 [info]: oop!unknow header: Accept-Language: zh-CN,zh;q=0.9
2020-06-24 16:37:18.470775 [info]: got 1 http line: 
2020-06-24 16:37:18.481574 [info]: request:HTTP/1.1 200 OK

2020-06-24 16:37:18.481843 [info]: request:HTTP/1.1 200 OK
Content-Length: 330

2020-06-24 16:37:18.482015 [info]: request:HTTP/1.1 200 OK
Content-Length: 330
Connection: keep-alive

2020-06-24 16:37:18.482159 [info]: request:HTTP/1.1 200 OK
Content-Length: 330
Connection: keep-alive


2020-06-24 16:37:18.482447 [info]: send data to the client(127.0.0.1)
2020-06-24 16:37:18.482681 [info]: adjust time once
2020-06-24 16:37:18.499386 [info]: deal with the client(127.0.0.1)
2020-06-24 16:37:18.499742 [info]: adjust time once
2020-06-24 16:37:18.499837 [info]: got 1 http line: GET /xxx.jpg HTTP/1.1
2020-06-24 16:37:18.500256 [info]: got 1 http line: Host: localhost:9007
2020-06-24 16:37:18.500449 [info]: got 1 http line: Connection: keep-alive
2020-06-24 16:37:18.500636 [info]: got 1 http line: User-Agent: Mozilla/5.0 (Windows NT 10.0; Win64; x64) AppleWebKit/537.36 (KHTML, like Gecko) Chrome/83.0.4103.97 Safari/537.36
2020-06-24 16:37:18.500822 [info]: oop!unknow header: User-Agent: Mozilla/5.0 (Windows NT 10.0; Win64; x64) AppleWebKit/537.36 (KHTML, like Gecko) Chrome/83.0.4103.97 Safari/537.36
2020-06-24 16:37:18.501144 [info]: got 1 http line: Accept: image/webp,image/apng,image/*,*/*;q=0.8
2020-06-24 16:37:18.501379 [info]: oop!unknow header: Accept: image/webp,image/apng,image/*,*/*;q=0.8
2020-06-24 16:37:18.501565 [info]: got 1 http line: Sec-Fetch-Site: same-origin
2020-06-24 16:37:18.502116 [info]: oop!unknow header: Sec-Fetch-Site: same-origin
2020-06-24 16:37:18.502340 [info]: got 1 http line: Sec-Fetch-Mode: no-cors
2020-06-24 16:37:18.502526 [info]: oop!unknow header: Sec-Fetch-Mode: no-cors
2020-06-24 16:37:18.502707 [info]: got 1 http line: Sec-Fetch-Dest: image
2020-06-24 16:37:18.502878 [info]: oop!unknow header: Sec-Fetch-Dest: image
2020-06-24 16:37:18.503105 [info]: got 1 http line: Referer: http://localhost:9007/5
2020-06-24 16:37:18.503331 [info]: oop!unknow header: Referer: http://localhost:9007/5
2020-06-24 16:37:18.503549 [info]: got 1 http line: Accept-Encoding: gzip, deflate, br
2020-06-24 16:37:18.503700 [info]: oop!unknow header: Accept-Encoding: gzip, deflate, br
2020-06-24 16:37:18.503826 [info]: got 1 http line: Accept-Language: zh-CN,zh;q=0.9
2020-06-24 16:37:18.503978 [info]: oop!unknow header: Accept-Language: zh-CN,zh;q=0.9
2020-06-24 16:37:18.504174 [info]: got 1 http line: 
2020-06-24 16:37:18.515847 [info]: request:HTTP/1.1 200 OK

2020-06-24 16:37:18.516082 [info]: request:HTTP/1.1 200 OK
Content-Length: 6007312

2020-06-24 16:37:18.516218 [info]: request:HTTP/1.1 200 OK
Content-Length: 6007312
Connection: keep-alive

2020-06-24 16:37:18.516374 [info]: request:HTTP/1.1 200 OK
Content-Length: 6007312
Connection: keep-alive


2020-06-24 16:37:18.525278 [info]: send data to the client(127.0.0.1)
2020-06-24 16:37:18.525793 [info]: adjust time once
2020-06-24 16:37:25.084882 [info]: deal with the client(127.0.0.1)
2020-06-24 16:37:25.085171 [info]: adjust time once
2020-06-24 16:37:25.085554 [info]: got 1 http line: POST /6 HTTP/1.1
2020-06-24 16:37:25.085995 [info]: got 1 http line: Host: localhost:9007
2020-06-24 16:37:25.086285 [info]: got 1 http line: Connection: keep-alive
2020-06-24 16:37:25.087113 [info]: got 1 http line: Content-Length: 0
2020-06-24 16:37:25.087809 [info]: got 1 http line: Cache-Control: max-age=0
2020-06-24 16:37:25.088241 [info]: oop!unknow header: Cache-Control: max-age=0
2020-06-24 16:37:25.088815 [info]: got 1 http line: Upgrade-Insecure-Requests: 1
2020-06-24 16:37:25.089070 [info]: oop!unknow header: Upgrade-Insecure-Requests: 1
2020-06-24 16:37:25.089245 [info]: got 1 http line: Origin: http://localhost:9007
2020-06-24 16:37:25.089461 [info]: oop!unknow header: Origin: http://localhost:9007
2020-06-24 16:37:25.089681 [info]: got 1 http line: Content-Type: application/x-www-form-urlencoded
2020-06-24 16:37:25.089825 [info]: oop!unknow header: Content-Type: application/x-www-form-urlencoded
2020-06-24 16:37:25.089951 [info]: got 1 http line: User-Agent: Mozilla/5.0 (Windows NT 10.0; Win64; x64) AppleWebKit/537.36 (KHTML, like Gecko) Chrome/83.0.4103.97 Safari/537.36
2020-06-24 16:37:25.090071 [info]: oop!unknow header: User-Agent: Mozilla/5.0 (Windows NT 10.0; Win64; x64) AppleWebKit/537.36 (KHTML, like Gecko) Chrome/83.0.4103.97 Safari/537.36
2020-06-24 16:37:25.091458 [info]: got 1 http line: Accept: text/html,application/xhtml+xml,application/xml;q=0.9,image/webp,image/apng,*/*;q=0.8,application/signed-exchange;v=b3;q=0.9
2020-06-24 16:37:25.091782 [info]: oop!unknow header: Accept: text/html,application/xhtml+xml,application/xml;q=0.9,image/webp,image/apng,*/*;q=0.8,application/signed-exchange;v=b3;q=0.9
2020-06-24 16:37:25.091959 [info]: got 1 http line: Sec-Fetch-Site: same-origin
2020-06-24 16:37:25.092214 [info]: oop!unknow header: Sec-Fetch-Site: same-origin
2020-06-24 16:37:25.092517 [info]: got 1 http line: Sec-Fetch-Mode: navigate
2020-06-24 16:37:25.092891 [info]: oop!unknow header: Sec-Fetch-Mode: navigate
2020-06-24 16:37:25.093058 [info]: got 1 http line: Sec-Fetch-User: ?1
2020-06-24 16:37:25.093195 [info]: oop!unknow header: Sec-Fetch-User: ?1
2020-06-24 16:37:25.093324 [info]: got 1 http line: Sec-Fetch-Dest: document
2020-06-24 16:37:25.093576 [info]: oop!unknow header: Sec-Fetch-Dest: document
2020-06-24 16:37:25.093746 [info]: got 1 http line: Referer: http://localhost:9007/2CGISQL.cgi
2020-06-24 16:37:25.093868 [info]: oop!unknow header: Referer: http://localhost:9007/2CGISQL.cgi
2020-06-24 16:37:25.093987 [info]: got 1 http line: Accept-Encoding: gzip, deflate, br
2020-06-24 16:37:25.094181 [info]: oop!unknow header: Accept-Encoding: gzip, deflate, br
2020-06-24 16:37:25.094439 [info]: got 1 http line: Accept-Language: zh-CN,zh;q=0.9
2020-06-24 16:37:25.094691 [info]: oop!unknow header: Accept-Language: zh-CN,zh;q=0.9
2020-06-24 16:37:25.094908 [info]: got 1 http line: 
2020-06-24 16:37:25.095098 [info]: request:HTTP/1.1 404 Not Found

2020-06-24 16:37:25.095290 [info]: request:HTTP/1.1 404 Not Found
Content-Length: 49

2020-06-24 16:37:25.095532 [info]: request:HTTP/1.1 404 Not Found
Content-Length: 49
Connection: keep-alive

2020-06-24 16:37:25.095672 [info]: request:HTTP/1.1 404 Not Found
Content-Length: 49
Connection: keep-alive


2020-06-24 16:37:25.095803 [info]: request:HTTP/1.1 404 Not Found
Content-Length: 49
Connection: keep-alive

The requested file was not found on this server.

2020-06-24 16:37:25.096027 [info]: send data to the client(127.0.0.1)
2020-06-24 16:37:25.096242 [info]: adjust time once
2020-06-24 16:37:30.408464 [info]: close fd 17
2020-06-24 16:37:36.958185 [info]: deal with the client(127.0.0.1)
2020-06-24 16:37:36.958482 [info]: adjust time once
2020-06-24 16:37:36.958597 [info]: got 1 http line: POST /7 HTTP/1.1
2020-06-24 16:37:36.958929 [info]: got 1 http line: Host: localhost:9007
2020-06-24 16:37:36.959129 [info]: got 1 http line: Connection: keep-alive
2020-06-24 16:37:36.959312 [info]: got 1 http line: Content-Length: 0
2020-06-24 16:37:36.959493 [info]: got 1 http line: Cache-Control: max-age=0
2020-06-24 16:37:36.959776 [info]: oop!unknow header: Cache-Control: max-age=0
2020-06-24 16:37:36.960045 [info]: got 1 http line: Upgrade-Insecure-Requests: 1
2020-06-24 16:37:36.960251 [info]: oop!unknow header: Upgrade-Insecure-Requests: 1
2020-06-24 16:37:36.960512 [info]: got 1 http line: Origin: http://localhost:9007
2020-06-24 16:37:36.960979 [info]: oop!unknow header: Origin: http://localhost:9007
2020-06-24 16:37:36.962076 [info]: got 1 http line: Content-Type: application/x-www-form-urlencoded
2020-06-24 16:37:36.962349 [info]: oop!unknow header: Content-Type: application/x-www-form-urlencoded
2020-06-24 16:37:36.962945 [info]: got 1 http line: User-Agent: Mozilla/5.0 (Windows NT 10.0; Win64; x64) AppleWebKit/537.36 (KHTML, like Gecko) Chrome/83.0.4103.97 Safari/537.36
2020-06-24 16:37:36.963517 [info]: oop!unknow header: User-Agent: Mozilla/5.0 (Windows NT 10.0; Win64; x64) AppleWebKit/537.36 (KHTML, like Gecko) Chrome/83.0.4103.97 Safari/537.36
2020-06-24 16:37:36.963864 [info]: got 1 http line: Accept: text/html,application/xhtml+xml,application/xml;q=0.9,image/webp,image/apng,*/*;q=0.8,application/signed-exchange;v=b3;q=0.9
2020-06-24 16:37:36.964108 [info]: oop!unknow header: Accept: text/html,application/xhtml+xml,application/xml;q=0.9,image/webp,image/apng,*/*;q=0.8,application/signed-exchange;v=b3;q=0.9
2020-06-24 16:37:36.964317 [info]: got 1 http line: Sec-Fetch-Site: same-origin
2020-06-24 16:37:36.964557 [info]: oop!unknow header: Sec-Fetch-Site: same-origin
2020-06-24 16:37:36.964753 [info]: got 1 http line: Sec-Fetch-Mode: navigate
2020-06-24 16:37:36.964925 [info]: oop!unknow header: Sec-Fetch-Mode: navigate
2020-06-24 16:37:36.965055 [info]: got 1 http line: Sec-Fetch-User: ?1
2020-06-24 16:37:36.965178 [info]: oop!unknow header: Sec-Fetch-User: ?1
2020-06-24 16:37:36.965297 [info]: got 1 http line: Sec-Fetch-Dest: document
2020-06-24 16:37:36.965417 [info]: oop!unknow header: Sec-Fetch-Dest: document
2020-06-24 16:37:36.965618 [info]: got 1 http line: Referer: http://localhost:9007/2CGISQL.cgi
2020-06-24 16:37:36.965821 [info]: oop!unknow header: Referer: http://localhost:9007/2CGISQL.cgi
2020-06-24 16:37:36.966001 [info]: got 1 http line: Accept-Encoding: gzip, deflate, br
2020-06-24 16:37:36.966172 [info]: oop!unknow header: Accept-Encoding: gzip, deflate, br
2020-06-24 16:37:36.966345 [info]: got 1 http line: Accept-Language: zh-CN,zh;q=0.9
2020-06-24 16:37:36.966518 [info]: oop!unknow header: Accept-Language: zh-CN,zh;q=0.9
2020-06-24 16:37:36.966712 [info]: got 1 http line: 
2020-06-24 16:37:36.974962 [info]: request:HTTP/1.1 200 OK

2020-06-24 16:37:36.975203 [info]: request:HTTP/1.1 200 OK
Content-Length: 288

2020-06-24 16:37:36.975336 [info]: request:HTTP/1.1 200 OK
Content-Length: 288
Connection: keep-alive

2020-06-24 16:37:36.975519 [info]: request:HTTP/1.1 200 OK
Content-Length: 288
Connection: keep-alive


2020-06-24 16:37:36.975872 [info]: send data to the client(127.0.0.1)
2020-06-24 16:37:36.976085 [info]: adjust time once
